# Logfile created on Thu Nov 05 09:20:39 +0100 2009

Processing GroupsController#new (for 89.100.167.231 at 2009-11-05 09:20:42) [GET]
  Parameters: {"adapter"=>"_list_inline_adapter"}


Processing GroupsController#index (for 89.100.167.231 at 2009-11-05 09:20:42) [GET]
  [4;36;1mSQL (0.3ms)[0m   [0;1mSELECT count(*) AS count_all FROM "groups" [0m
  [4;35;1mGroup Load (0.8ms)[0m   [0mSELECT "groups".* FROM "groups" ORDER BY groups."id" ASC LIMIT 15 OFFSET 0[0m
Rendering template within layouts/groups
Rendering list
Rendered _list_header (164.0ms)
Rendered _form_attribute (17.1ms)
Rendered _form_attribute (1.2ms)
Rendered _form (61.1ms)
Rendered _list_column_headings (29.4ms)
Rendered _create_form (309.7ms)
Rendered _messages (1.0ms)
Rendered _list_inline_adapter (7.2ms)
Completed in 545ms (View: 11, DB: 0) | 200 OK [http://riclife-devel.dev.palladius.eu/groups/new?_method=get&adapter=_list_inline_adapter]
Rendered _messages (16.4ms)
Rendered _list_actions (29.5ms)
Rendered _list_record (703.8ms)
Rendered _list_actions (4.6ms)
Rendered _list_record (8.8ms)
Rendered _list_actions (4.7ms)
Rendered _list_record (8.8ms)
Rendered _list_actions (5.1ms)
Rendered _list_record (9.2ms)
Rendered _list_actions (4.8ms)
Rendered _list_record (33.3ms)
Rendered _list_actions (4.7ms)
Rendered _list_record (8.4ms)
Rendered _list_actions (4.7ms)
Rendered _list_record (8.4ms)
Rendered _list (866.2ms)
Rendered site/_minimal_search_form (8.6ms)
Rendered shared/_common_layout (225.6ms)
Completed in 1677ms (View: 1595, DB: 1) | 200 OK [http://riclife-devel.dev.palladius.eu/groups/]


Processing GroupsController#new (for 89.100.167.231 at 2009-11-05 09:20:47) [GET]
  Parameters: {"adapter"=>"_list_inline_adapter"}
Rendered _form_attribute (2.1ms)
Rendered _form_attribute (1.1ms)
Rendered _form (10.3ms)
Rendered _create_form (24.7ms)
Rendered _messages (55.9ms)
Rendered _list_inline_adapter (62.6ms)
Completed in 113ms (View: 68, DB: 0) | 200 OK [http://riclife-devel.dev.palladius.eu/groups/new?_method=get&adapter=_list_inline_adapter]


Processing GroupsController#create (for 89.100.167.231 at 2009-11-05 09:20:55) [POST]
  Parameters: {"commit"=>"Create", "authenticity_token"=>"iicaNZIjguQkkSlSAjBF6bn9spf7cFew3eFokBNeKZg=", "record"=>{"name"=>"Goliardia", "notes"=>"amici goliardi e non"}}
  [4;36;1mGroup Create (2.5ms)[0m   [0;1mINSERT INTO "groups" ("name", "created_at", "notes", "updated_at") VALUES('Goliardia', '2009-11-05 08:20:55', 'amici goliardi e non', '2009-11-05 08:20:55')[0m
Rendering on_create
Rendered _list_actions (5.8ms)
Rendered _list_record (15.9ms)
Rendered _messages (1.0ms)
Completed in 102ms (View: 56, DB: 2) | 200 OK [http://riclife-devel.dev.palladius.eu/groups]


Processing AppsController#index (for 89.100.167.231 at 2009-11-05 09:21:08) [GET]
  [4;35;1mSQL (0.3ms)[0m   [0mSELECT count(*) AS count_all FROM "apps" [0m
  [4;36;1mApp Load (0.7ms)[0m   [0;1mSELECT "apps".* FROM "apps" ORDER BY apps."id" ASC LIMIT 15 OFFSET 0[0m
Rendering template within layouts/apps
Rendering list
Rendered _list_header (6.4ms)
Rendered _list_column_headings (47.1ms)
Rendered _messages (1.0ms)
Rendered _list_actions (7.1ms)
Rendered _list_record (19.3ms)
Rendered _list_actions (4.6ms)
Rendered _list_record (10.4ms)
Rendered _list_actions (4.5ms)
Rendered _list_record (10.3ms)
Rendered _list (103.6ms)
Rendered site/_minimal_search_form (1.0ms)
Rendered shared/_common_layout (19.1ms)
Completed in 204ms (View: 194, DB: 1) | 200 OK [http://riclife-devel.dev.palladius.eu/apps/]


Processing InetorgpeopleController#index (for 89.100.167.231 at 2009-11-05 09:21:12) [GET]
  [4;35;1mSQL (0.2ms)[0m   [0mSELECT count(*) AS count_all FROM "inetorgpeople" [0m
  [4;36;1mInetorgperson Load (2.0ms)[0m   [0;1mSELECT "inetorgpeople".* FROM "inetorgpeople" ORDER BY inetorgpeople."id" ASC LIMIT 15 OFFSET 0[0m
Rendering template within layouts/inetorgpeople
Rendering list
Rendered _list_header (6.4ms)
Rendered _list_column_headings (48.3ms)
Rendered _messages (0.6ms)
Rendered _list_actions (4.7ms)
Rendered _list_record (84.4ms)
Rendered _list_actions (3.2ms)
Rendered _list_record (18.5ms)
Rendered _list_actions (3.0ms)
Rendered _list_record (16.7ms)
Rendered _list_actions (2.9ms)
Rendered _list_record (7.9ms)
Rendered _list_actions (3.0ms)
Rendered _list_record (9.0ms)
Rendered _list_actions (2.9ms)
Rendered _list_record (7.8ms)
Rendered _list_actions (2.9ms)
Rendered _list_record (7.7ms)
Rendered _list_actions (2.9ms)
Rendered _list_record (7.8ms)
Rendered _list_actions (2.9ms)
Rendered _list_record (7.8ms)
Rendered _list_actions (3.4ms)
Rendered _list_record (8.3ms)
Rendered _list_actions (3.5ms)
Rendered _list_record (9.2ms)
Rendered _list_actions (3.4ms)
Rendered _list_record (9.0ms)
Rendered _list (255.6ms)
Rendered site/_minimal_search_form (0.7ms)
Rendered shared/_common_layout (12.0ms)
Completed in 317ms (View: 307, DB: 2) | 200 OK [http://riclife-devel.dev.palladius.eu/inetorgpeople/]


Processing InetorgpeopleController#edit (for 89.100.167.231 at 2009-11-05 09:21:17) [GET]
  Parameters: {"adapter"=>"_list_inline_adapter", "id"=>"10"}
  [4;35;1mInetorgperson Load (0.4ms)[0m   [0mSELECT * FROM "inetorgpeople" WHERE ("inetorgpeople"."id" = 10) [0m
Rendered _form_attribute (2.2ms)
Rendered _form_attribute (1.4ms)
Rendered _form_attribute (1.2ms)
Rendered _form_attribute (1.2ms)
Rendered _form_attribute (1.2ms)
Rendered _form_attribute (1.2ms)
Rendered _form_attribute (1.3ms)
Rendered _form_attribute (1.3ms)
Rendered _form_attribute (1.4ms)
Rendered _form_attribute (1.3ms)
Rendered _form (29.5ms)
Rendered _update_form (94.6ms)
Rendered _messages (1.0ms)
Rendered _list_inline_adapter (6.6ms)
Completed in 183ms (View: 10, DB: 0) | 200 OK [http://riclife-devel.dev.palladius.eu/inetorgpeople/10/edit?_method=get&adapter=_list_inline_adapter]


Processing InetorgpeopleController#update (for 89.100.167.231 at 2009-11-05 09:21:23) [PUT]
  Parameters: {"commit"=>"Update", "authenticity_token"=>"iicaNZIjguQkkSlSAjBF6bn9spf7cFew3eFokBNeKZg=", "id"=>"10", "record"=>{"name"=>"Daniela", "l"=>"locat", "photo_name"=>"milady", "published"=>"", "notes"=>"russa come un trattore", "o"=>"", "relevance"=>"", "mail"=>"marinonidaniela@gmail.com ", "mobile"=>"", "surname"=>"Marinoni"}}
  [4;36;1mInetorgperson Load (0.5ms)[0m   [0;1mSELECT * FROM "inetorgpeople" WHERE ("inetorgpeople"."id" = 10) [0m
  [4;35;1mInetorgperson Update (0.2ms)[0m   [0mUPDATE "inetorgpeople" SET "updated_at" = '2009-11-05 08:21:23', "notes" = 'russa come un trattore', "mobile" = NULL, "o" = NULL WHERE "id" = 10[0m
Rendering on_update
Rendered _messages (1.1ms)
Completed in 115ms (View: 93, DB: 1) | 200 OK [http://riclife-devel.dev.palladius.eu/inetorgpeople/10]


Processing InetorgpeopleController#row (for 89.100.167.231 at 2009-11-05 09:21:23) [GET]
  Parameters: {"id"=>"10"}
  [4;36;1mInetorgperson Load (0.5ms)[0m   [0;1mSELECT * FROM "inetorgpeople" WHERE ("inetorgpeople"."id" = 10) [0m
Rendered _list_actions (6.1ms)
Rendered _list_record (22.4ms)
Completed in 44ms (View: 41, DB: 0) | 200 OK [http://riclife-devel.dev.palladius.eu/inetorgpeople/row/10?_method=get]


Processing SiteController#index (for 193.1.228.252 at 2009-11-05 15:44:38) [GET]
Rendering template within layouts/site
Rendering site/index


Processing SiteController#index (for 193.1.228.252 at 2009-11-05 15:44:38) [GET]
Rendering template within layouts/site
Rendering site/index
Rendered site/_minimal_search_form (1.0ms)
Rendered site/_minimal_search_form (1.2ms)
Rendered shared/_common_layout (50.1ms)
Completed in 96ms (View: 96, DB: 0) | 200 OK [http://riclife.palladius.eu/]
Rendered shared/_common_layout (93.0ms)
Completed in 140ms (View: 139, DB: 0) | 200 OK [http://riclife-devel.dev.palladius.eu/]


Processing SiteController#index (for 193.1.228.252 at 2009-11-05 15:44:42) [GET]
Rendering template within layouts/site
Rendering site/index
Rendered site/_minimal_search_form (1.0ms)
Rendered shared/_common_layout (26.2ms)
Completed in 30ms (View: 30, DB: 0) | 200 OK [http://riclife.palladius.eu/]


Processing SiteController#index (for 193.1.228.252 at 2009-11-05 15:44:44) [GET]
Rendering template within layouts/site
Rendering site/index
Rendered site/_minimal_search_form (1.0ms)
Rendered shared/_common_layout (15.0ms)
Completed in 17ms (View: 17, DB: 0) | 200 OK [http://riclife.palladius.eu/]
  [4;36;1mSQL (0.9ms)[0m   [0;1m SELECT name
 FROM sqlite_master
 WHERE type = 'table' AND NOT name = 'sqlite_sequence'
[0m
  [4;35;1mSQL (0.4ms)[0m   [0mSELECT version FROM schema_migrations[0m
  [4;36;1mSQL (0.1ms)[0m   [0;1mselect sqlite_version(*)[0m
  [4;35;1mSQL (0.1ms)[0m   [0m SELECT name
 FROM sqlite_master
 WHERE type = 'table' AND NOT name = 'sqlite_sequence'
[0m
  [4;36;1mSQL (9.4ms)[0m   [0;1mCREATE TABLE "apps" ("id" INTEGER PRIMARY KEY AUTOINCREMENT NOT NULL, "name" varchar(255), "description" text, "host_id" integer, "url" varchar(255), "db_uri" varchar(255), "local_path" varchar(255), "svn_uri" varchar(255), "language" varchar(255), "created_at" datetime, "updated_at" datetime, "username" varchar(255)) [0m
  [4;35;1mSQL (0.1ms)[0m   [0m SELECT name
 FROM sqlite_master
 WHERE type = 'table' AND NOT name = 'sqlite_sequence'
[0m
  [4;36;1mSQL (1.8ms)[0m   [0;1mCREATE TABLE "cities" ("id" INTEGER PRIMARY KEY AUTOINCREMENT NOT NULL, "nomecitta" varchar(255), "sigla" varchar(255), "regione" varchar(255), "id_pseudoid" integer, "created_at" datetime, "updated_at" datetime) [0m
  [4;35;1mSQL (0.1ms)[0m   [0m SELECT name
 FROM sqlite_master
 WHERE type = 'table' AND NOT name = 'sqlite_sequence'
[0m
  [4;36;1mSQL (2.1ms)[0m   [0;1mCREATE TABLE "groups" ("id" INTEGER PRIMARY KEY AUTOINCREMENT NOT NULL, "name" varchar(255), "notes" text, "created_at" datetime, "updated_at" datetime) [0m
  [4;35;1mSQL (0.2ms)[0m   [0m SELECT name
 FROM sqlite_master
 WHERE type = 'table' AND NOT name = 'sqlite_sequence'
[0m
  [4;36;1mSQL (2.0ms)[0m   [0;1mCREATE TABLE "hosts" ("id" INTEGER PRIMARY KEY AUTOINCREMENT NOT NULL, "name" varchar(255), "ip" varchar(255), "notes" text, "os" varchar(255), "created_at" datetime, "updated_at" datetime) [0m
  [4;35;1mSQL (0.2ms)[0m   [0m SELECT name
 FROM sqlite_master
 WHERE type = 'table' AND NOT name = 'sqlite_sequence'
[0m
  [4;36;1mSQL (2.0ms)[0m   [0;1mCREATE TABLE "inetorgpeople" ("id" INTEGER PRIMARY KEY AUTOINCREMENT NOT NULL, "name" varchar(255), "surname" varchar(255), "mobile" varchar(255), "l" varchar(255), "o" varchar(255), "created_at" datetime, "updated_at" datetime, "notes" text, "photo_name" varchar(255), "mail" varchar(255), "published" boolean, "relevance" integer, "nickname" varchar(255), "goliard_name" varchar(255)) [0m
  [4;35;1mSQL (0.2ms)[0m   [0m SELECT name
 FROM sqlite_master
 WHERE type = 'table' AND NOT name = 'sqlite_sequence'
[0m
  [4;36;1mSQL (2.1ms)[0m   [0;1mCREATE TABLE "keyvals" ("id" INTEGER PRIMARY KEY AUTOINCREMENT NOT NULL, "key" varchar(255), "val" varchar(255), "description" text, "created_at" datetime, "updated_at" datetime) [0m
  [4;35;1mSQL (0.3ms)[0m   [0m SELECT name
 FROM sqlite_master
 WHERE type = 'table' AND NOT name = 'sqlite_sequence'
[0m
  [4;36;1mSQL (2.3ms)[0m   [0;1mCREATE TABLE "libraries" ("id" INTEGER PRIMARY KEY AUTOINCREMENT NOT NULL, "name" varchar(255), "notes" text, "location" varchar(255), "created_at" datetime, "updated_at" datetime) [0m
  [4;35;1mSQL (0.3ms)[0m   [0m SELECT name
 FROM sqlite_master
 WHERE type = 'table' AND NOT name = 'sqlite_sequence'
[0m
  [4;36;1mSQL (2.1ms)[0m   [0;1mCREATE TABLE "loans" ("id" INTEGER PRIMARY KEY AUTOINCREMENT NOT NULL, "title" varchar(255), "description" text, "quantity" float, "currency" varchar(255) DEFAULT 'euro', "user_from_id" integer, "user_to_id" integer, "created_at" datetime, "updated_at" datetime, "inetorgperson_id" integer) [0m
  [4;35;1mSQL (0.5ms)[0m   [0m SELECT name
 FROM sqlite_master
 WHERE type = 'table' AND NOT name = 'sqlite_sequence'
[0m
  [4;36;1mSQL (2.0ms)[0m   [0;1mCREATE TABLE "notes" ("id" INTEGER PRIMARY KEY AUTOINCREMENT NOT NULL, "title" varchar(255), "description" text, "active" boolean, "deadline" date, "created_at" datetime, "updated_at" datetime) [0m
  [4;35;1mSQL (0.3ms)[0m   [0m SELECT name
 FROM sqlite_master
 WHERE type = 'table' AND NOT name = 'sqlite_sequence'
[0m
  [4;36;1mSQL (2.3ms)[0m   [0;1mCREATE TABLE "recipes" ("id" INTEGER PRIMARY KEY AUTOINCREMENT NOT NULL, "name" varchar(255), "ingredients" text, "preparation" text, "givenby_id" integer, "created_at" datetime, "updated_at" datetime) [0m
  [4;35;1mSQL (0.3ms)[0m   [0m SELECT name
 FROM sqlite_master
 WHERE type = 'table' AND NOT name = 'sqlite_sequence'
[0m
  [4;36;1mSQL (2.3ms)[0m   [0;1mCREATE TABLE "riclocations" ("id" INTEGER PRIMARY KEY AUTOINCREMENT NOT NULL, "name" varchar(255), "description" text, "x" varchar(255), "y" varchar(255), "address" varchar(255), "created_at" datetime, "updated_at" datetime) [0m
  [4;35;1mSQL (0.4ms)[0m   [0m SELECT name
 FROM sqlite_master
 WHERE type = 'table' AND NOT name = 'sqlite_sequence'
[0m
  [4;36;1mSQL (2.0ms)[0m   [0;1mCREATE TABLE "schema_migrations" ("version" varchar(255) NOT NULL) [0m
  [4;35;1mSQL (2.0ms)[0m   [0mCREATE UNIQUE INDEX "unique_schema_migrations" ON "schema_migrations" ("version")[0m
  [4;36;1mSQL (0.4ms)[0m   [0;1m SELECT name
 FROM sqlite_master
 WHERE type = 'table' AND NOT name = 'sqlite_sequence'
[0m
  [4;35;1mSQL (0.1ms)[0m   [0mSELECT version FROM "schema_migrations"[0m
  [4;36;1mSQL (1.6ms)[0m   [0;1mINSERT INTO "schema_migrations" (version) VALUES ('20091105180702')[0m
  [4;35;1mSQL (1.7ms)[0m   [0mINSERT INTO "schema_migrations" (version) VALUES ('20091021074803')[0m
  [4;36;1mSQL (1.6ms)[0m   [0;1mINSERT INTO "schema_migrations" (version) VALUES ('20091017170918')[0m
  [4;35;1mSQL (1.6ms)[0m   [0mINSERT INTO "schema_migrations" (version) VALUES ('20090322133316')[0m
  [4;36;1mSQL (1.7ms)[0m   [0;1mINSERT INTO "schema_migrations" (version) VALUES ('20090315093404')[0m
  [4;35;1mSQL (1.6ms)[0m   [0mINSERT INTO "schema_migrations" (version) VALUES ('20090907072324')[0m
  [4;36;1mSQL (1.6ms)[0m   [0;1mINSERT INTO "schema_migrations" (version) VALUES ('20090912094439')[0m
  [4;35;1mSQL (1.7ms)[0m   [0mINSERT INTO "schema_migrations" (version) VALUES ('20090322165720')[0m
  [4;36;1mSQL (1.6ms)[0m   [0;1mINSERT INTO "schema_migrations" (version) VALUES ('20090322171017')[0m
  [4;35;1mSQL (1.6ms)[0m   [0mINSERT INTO "schema_migrations" (version) VALUES ('20090322130351')[0m
  [4;36;1mSQL (1.6ms)[0m   [0;1mINSERT INTO "schema_migrations" (version) VALUES ('20090322140653')[0m
  [4;35;1mSQL (1.6ms)[0m   [0mINSERT INTO "schema_migrations" (version) VALUES ('20090418124628')[0m
  [4;36;1mSQL (1.6ms)[0m   [0;1mINSERT INTO "schema_migrations" (version) VALUES ('20091103082123')[0m
  [4;35;1mSQL (1.7ms)[0m   [0mINSERT INTO "schema_migrations" (version) VALUES ('20090322165843')[0m
  [4;36;1mSQL (1.6ms)[0m   [0;1m SELECT name
 FROM sqlite_master
 WHERE type = 'table' AND NOT name = 'sqlite_sequence'
[0m
  [4;35;1mSQL (0.7ms)[0m   [0mSELECT version FROM schema_migrations[0m
  [4;36;1mSQL (0.1ms)[0m   [0;1mselect sqlite_version(*)[0m
  [4;35;1mSQL (0.1ms)[0m   [0m SELECT name
 FROM sqlite_master
 WHERE type = 'table' AND NOT name = 'sqlite_sequence'
[0m
  [4;36;1mSQL (56.8ms)[0m   [0;1mCREATE TABLE "apps" ("id" INTEGER PRIMARY KEY AUTOINCREMENT NOT NULL, "name" varchar(255), "description" text, "host_id" integer, "url" varchar(255), "db_uri" varchar(255), "local_path" varchar(255), "svn_uri" varchar(255), "language" varchar(255), "created_at" datetime, "updated_at" datetime, "username" varchar(255)) [0m
  [4;35;1mSQL (0.2ms)[0m   [0m SELECT name
 FROM sqlite_master
 WHERE type = 'table' AND NOT name = 'sqlite_sequence'
[0m
  [4;36;1mSQL (2.7ms)[0m   [0;1mCREATE TABLE "cities" ("id" INTEGER PRIMARY KEY AUTOINCREMENT NOT NULL, "nomecitta" varchar(255), "sigla" varchar(255), "regione" varchar(255), "id_pseudoid" integer, "created_at" datetime, "updated_at" datetime) [0m
  [4;35;1mSQL (0.2ms)[0m   [0m SELECT name
 FROM sqlite_master
 WHERE type = 'table' AND NOT name = 'sqlite_sequence'
[0m
  [4;36;1mSQL (2.7ms)[0m   [0;1mCREATE TABLE "groups" ("id" INTEGER PRIMARY KEY AUTOINCREMENT NOT NULL, "name" varchar(255), "notes" text, "created_at" datetime, "updated_at" datetime) [0m
  [4;35;1mSQL (0.2ms)[0m   [0m SELECT name
 FROM sqlite_master
 WHERE type = 'table' AND NOT name = 'sqlite_sequence'
[0m
  [4;36;1mSQL (3.0ms)[0m   [0;1mCREATE TABLE "hosts" ("id" INTEGER PRIMARY KEY AUTOINCREMENT NOT NULL, "name" varchar(255), "ip" varchar(255), "notes" text, "os" varchar(255), "created_at" datetime, "updated_at" datetime) [0m
  [4;35;1mSQL (0.2ms)[0m   [0m SELECT name
 FROM sqlite_master
 WHERE type = 'table' AND NOT name = 'sqlite_sequence'
[0m
  [4;36;1mSQL (2.7ms)[0m   [0;1mCREATE TABLE "inetorgpeople" ("id" INTEGER PRIMARY KEY AUTOINCREMENT NOT NULL, "name" varchar(255), "surname" varchar(255), "mobile" varchar(255), "l" varchar(255), "o" varchar(255), "created_at" datetime, "updated_at" datetime, "notes" text, "photo_name" varchar(255), "mail" varchar(255), "published" boolean, "relevance" integer, "nickname" varchar(255), "goliard_name" varchar(255), "starred" boolean, "riclocation_id" integer) [0m
  [4;35;1mSQL (0.2ms)[0m   [0m SELECT name
 FROM sqlite_master
 WHERE type = 'table' AND NOT name = 'sqlite_sequence'
[0m
  [4;36;1mSQL (2.7ms)[0m   [0;1mCREATE TABLE "keyvals" ("id" INTEGER PRIMARY KEY AUTOINCREMENT NOT NULL, "key" varchar(255), "val" varchar(255), "description" text, "created_at" datetime, "updated_at" datetime) [0m
  [4;35;1mSQL (0.2ms)[0m   [0m SELECT name
 FROM sqlite_master
 WHERE type = 'table' AND NOT name = 'sqlite_sequence'
[0m
  [4;36;1mSQL (2.7ms)[0m   [0;1mCREATE TABLE "libraries" ("id" INTEGER PRIMARY KEY AUTOINCREMENT NOT NULL, "name" varchar(255), "notes" text, "location" varchar(255), "created_at" datetime, "updated_at" datetime) [0m
  [4;35;1mSQL (0.3ms)[0m   [0m SELECT name
 FROM sqlite_master
 WHERE type = 'table' AND NOT name = 'sqlite_sequence'
[0m
  [4;36;1mSQL (3.3ms)[0m   [0;1mCREATE TABLE "loans" ("id" INTEGER PRIMARY KEY AUTOINCREMENT NOT NULL, "title" varchar(255), "description" text, "quantity" float, "currency" varchar(255) DEFAULT 'euro', "user_from_id" integer, "user_to_id" integer, "created_at" datetime, "updated_at" datetime, "inetorgperson_id" integer) [0m
  [4;35;1mSQL (0.3ms)[0m   [0m SELECT name
 FROM sqlite_master
 WHERE type = 'table' AND NOT name = 'sqlite_sequence'
[0m
  [4;36;1mSQL (2.9ms)[0m   [0;1mCREATE TABLE "notes" ("id" INTEGER PRIMARY KEY AUTOINCREMENT NOT NULL, "title" varchar(255), "description" text, "active" boolean, "deadline" date, "created_at" datetime, "updated_at" datetime) [0m
  [4;35;1mSQL (0.3ms)[0m   [0m SELECT name
 FROM sqlite_master
 WHERE type = 'table' AND NOT name = 'sqlite_sequence'
[0m
  [4;36;1mSQL (2.8ms)[0m   [0;1mCREATE TABLE "recipes" ("id" INTEGER PRIMARY KEY AUTOINCREMENT NOT NULL, "name" varchar(255), "ingredients" text, "preparation" text, "givenby_id" integer, "created_at" datetime, "updated_at" datetime) [0m
  [4;35;1mSQL (0.3ms)[0m   [0m SELECT name
 FROM sqlite_master
 WHERE type = 'table' AND NOT name = 'sqlite_sequence'
[0m
  [4;36;1mSQL (2.8ms)[0m   [0;1mCREATE TABLE "riclocations" ("id" INTEGER PRIMARY KEY AUTOINCREMENT NOT NULL, "name" varchar(255), "description" text, "x" varchar(255), "y" varchar(255), "address" varchar(255), "created_at" datetime, "updated_at" datetime) [0m
  [4;35;1mSQL (0.3ms)[0m   [0m SELECT name
 FROM sqlite_master
 WHERE type = 'table' AND NOT name = 'sqlite_sequence'
[0m
  [4;36;1mSQL (2.9ms)[0m   [0;1mCREATE TABLE "schema_migrations" ("version" varchar(255) NOT NULL) [0m
  [4;35;1mSQL (2.9ms)[0m   [0mCREATE UNIQUE INDEX "unique_schema_migrations" ON "schema_migrations" ("version")[0m
  [4;36;1mSQL (0.4ms)[0m   [0;1m SELECT name
 FROM sqlite_master
 WHERE type = 'table' AND NOT name = 'sqlite_sequence'
[0m
  [4;35;1mSQL (0.1ms)[0m   [0mSELECT version FROM "schema_migrations"[0m
  [4;36;1mSQL (3.5ms)[0m   [0;1mINSERT INTO "schema_migrations" (version) VALUES ('20091117185546')[0m
  [4;35;1mSQL (2.4ms)[0m   [0mINSERT INTO "schema_migrations" (version) VALUES ('20091021074803')[0m
  [4;36;1mSQL (2.4ms)[0m   [0;1mINSERT INTO "schema_migrations" (version) VALUES ('20091017170918')[0m
  [4;35;1mSQL (2.3ms)[0m   [0mINSERT INTO "schema_migrations" (version) VALUES ('20090322133316')[0m
  [4;36;1mSQL (2.3ms)[0m   [0;1mINSERT INTO "schema_migrations" (version) VALUES ('20090315093404')[0m
  [4;35;1mSQL (2.3ms)[0m   [0mINSERT INTO "schema_migrations" (version) VALUES ('20090907072324')[0m
  [4;36;1mSQL (2.3ms)[0m   [0;1mINSERT INTO "schema_migrations" (version) VALUES ('20091105180702')[0m
  [4;35;1mSQL (2.2ms)[0m   [0mINSERT INTO "schema_migrations" (version) VALUES ('20091117182056')[0m
  [4;36;1mSQL (2.2ms)[0m   [0;1mINSERT INTO "schema_migrations" (version) VALUES ('20090912094439')[0m
  [4;35;1mSQL (2.2ms)[0m   [0mINSERT INTO "schema_migrations" (version) VALUES ('20090322165720')[0m
  [4;36;1mSQL (2.3ms)[0m   [0;1mINSERT INTO "schema_migrations" (version) VALUES ('20090322171017')[0m
  [4;35;1mSQL (2.2ms)[0m   [0mINSERT INTO "schema_migrations" (version) VALUES ('20090322130351')[0m
  [4;36;1mSQL (2.2ms)[0m   [0;1mINSERT INTO "schema_migrations" (version) VALUES ('20090322140653')[0m
  [4;35;1mSQL (2.2ms)[0m   [0mINSERT INTO "schema_migrations" (version) VALUES ('20090418124628')[0m
  [4;36;1mSQL (2.3ms)[0m   [0;1mINSERT INTO "schema_migrations" (version) VALUES ('20091103082123')[0m
  [4;35;1mSQL (2.2ms)[0m   [0mINSERT INTO "schema_migrations" (version) VALUES ('20090322165843')[0m


Processing InetorgpeopleController#index (for 89.100.167.231 at 2009-11-18 09:25:25) [GET]
  [4;36;1mSQL (0.3ms)[0m   [0;1mselect sqlite_version(*)[0m
  [4;35;1mSQL (0.3ms)[0m   [0mSELECT count(DISTINCT "inetorgpeople".id) AS count_all FROM "inetorgpeople" LEFT OUTER JOIN "riclocations" ON "riclocations".id = "inetorgpeople".riclocation_id WHERE ((published = ('t'))) [0m
  [4;36;1mInetorgperson Load (1.0ms)[0m   [0;1mSELECT "inetorgpeople".* FROM "inetorgpeople" WHERE ((published = ('t'))) ORDER BY inetorgpeople."id" ASC LIMIT 15 OFFSET 0[0m
  [4;35;1mRiclocation Load (0.3ms)[0m   [0mSELECT * FROM "riclocations" WHERE ("riclocations"."id" = 2) [0m
Rendering template within layouts/inetorgpeople
Rendering list
Rendered _list_header (24.7ms)
Rendered _list_column_headings (57.8ms)
Rendered _messages (1.5ms)
Rendered _list_actions (7.9ms)
Rendered _list_record (117.4ms)
Rendered _list_actions (4.9ms)
Rendered _list_record (13.8ms)
Rendered _list_actions (4.8ms)
Rendered _list_record (12.9ms)
Rendered _list (272.1ms)
Rendered site/_minimal_search_form (2.0ms)
  [4;36;1mKeyval Load (0.4ms)[0m   [0;1mSELECT * FROM "keyvals" WHERE ("keyvals"."key" = 'cap:deploy_last') LIMIT 1[0m
  [4;35;1mKeyval Load (0.3ms)[0m   [0mSELECT * FROM "keyvals" WHERE ("keyvals"."key" = 'cap:deploy_history') LIMIT 1[0m
Rendered shared/_common_layout (234.0ms)
Completed in 699ms (View: 631, DB: 3) | 200 OK [http://riclife-devel.dev.palladius.eu/inetorgpeople/]


Processing ApplicationController#index (for 89.100.167.231 at 2009-11-18 09:25:28) [GET]

ActionController::RoutingError (No route matches "/images/carlesso/persone/FOO.jpg" with {:method=>:get}):
  /var/lib/gems/1.8/gems/passenger-2.2.5/lib/phusion_passenger/rack/request_handler.rb:95:in `process_request'
  /var/lib/gems/1.8/gems/passenger-2.2.5/lib/phusion_passenger/abstract_request_handler.rb:207:in `main_loop'
  /var/lib/gems/1.8/gems/passenger-2.2.5/lib/phusion_passenger/railz/application_spawner.rb:378:in `start_request_handler'
  /var/lib/gems/1.8/gems/passenger-2.2.5/lib/phusion_passenger/railz/application_spawner.rb:336:in `handle_spawn_application'
  /var/lib/gems/1.8/gems/passenger-2.2.5/lib/phusion_passenger/utils.rb:183:in `safe_fork'
  /var/lib/gems/1.8/gems/passenger-2.2.5/lib/phusion_passenger/railz/application_spawner.rb:334:in `handle_spawn_application'
  /var/lib/gems/1.8/gems/passenger-2.2.5/lib/phusion_passenger/abstract_server.rb:352:in `__send__'
  /var/lib/gems/1.8/gems/passenger-2.2.5/lib/phusion_passenger/abstract_server.rb:352:in `main_loop'
  /var/lib/gems/1.8/gems/passenger-2.2.5/lib/phusion_passenger/abstract_server.rb:196:in `start_synchronously'
  /var/lib/gems/1.8/gems/passenger-2.2.5/lib/phusion_passenger/abstract_server.rb:163:in `start'
  /var/lib/gems/1.8/gems/passenger-2.2.5/lib/phusion_passenger/railz/application_spawner.rb:213:in `start'
  /var/lib/gems/1.8/gems/passenger-2.2.5/lib/phusion_passenger/spawn_manager.rb:262:in `spawn_rails_application'
  /var/lib/gems/1.8/gems/passenger-2.2.5/lib/phusion_passenger/abstract_server_collection.rb:126:in `lookup_or_add'
  /var/lib/gems/1.8/gems/passenger-2.2.5/lib/phusion_passenger/spawn_manager.rb:256:in `spawn_rails_application'
  /var/lib/gems/1.8/gems/passenger-2.2.5/lib/phusion_passenger/abstract_server_collection.rb:80:in `synchronize'
  /var/lib/gems/1.8/gems/passenger-2.2.5/lib/phusion_passenger/abstract_server_collection.rb:79:in `synchronize'
  /var/lib/gems/1.8/gems/passenger-2.2.5/lib/phusion_passenger/spawn_manager.rb:255:in `spawn_rails_application'
  /var/lib/gems/1.8/gems/passenger-2.2.5/lib/phusion_passenger/spawn_manager.rb:154:in `spawn_application'
  /var/lib/gems/1.8/gems/passenger-2.2.5/lib/phusion_passenger/spawn_manager.rb:287:in `handle_spawn_application'
  /var/lib/gems/1.8/gems/passenger-2.2.5/lib/phusion_passenger/abstract_server.rb:352:in `__send__'
  /var/lib/gems/1.8/gems/passenger-2.2.5/lib/phusion_passenger/abstract_server.rb:352:in `main_loop'
  /var/lib/gems/1.8/gems/passenger-2.2.5/lib/phusion_passenger/abstract_server.rb:196:in `start_synchronously'

Rendering rescues/layout (not_found)


Processing InetorgpeopleController#new (for 89.100.167.231 at 2009-11-18 09:25:44) [GET]
  Parameters: {"adapter"=>"_list_inline_adapter"}
Rendered _form_attribute (136.7ms)
Rendered _form_attribute (2.0ms)
Rendered _form_attribute (1.2ms)
Rendered _form_attribute (1.1ms)
Rendered _form_attribute (1.2ms)
Rendered _form_attribute (1.2ms)
Rendered _form_attribute (1.1ms)
Rendered _form_attribute (1.5ms)
Rendered _form_attribute (1.3ms)
Rendered _form_attribute (1.2ms)
Rendered _form_attribute (1.4ms)
Rendered _form_attribute (1.3ms)
Rendered _form_attribute (1.3ms)
Rendered _horizontal_subform_header (3.3ms)
Rendered _form_attribute (2.3ms)
Rendered _form_attribute (1.4ms)
Rendered _form_attribute (1.3ms)
Rendered _form_attribute (1.3ms)
Rendered _form_attribute (1.3ms)
Rendered _horizontal_subform_record (25.6ms)
  [4;36;1mSQL (0.3ms)[0m   [0;1mSELECT count(*) AS count_all FROM "riclocations" [0m
  [4;35;1mRiclocation Load (1.0ms)[0m   [0mSELECT * FROM "riclocations" [0m
Rendered _form_association_footer (67.6ms)
Rendered _horizontal_subform (111.1ms)
Rendered _form_association (134.3ms)
Rendered _form_attribute (1.3ms)
Rendered _form_attribute (1.4ms)
Rendered _form (327.9ms)
Rendered _create_form (406.4ms)
Rendered _messages (1.0ms)
Rendered _list_inline_adapter (7.7ms)
Completed in 501ms (View: 12, DB: 0) | 200 OK [http://riclife-devel.dev.palladius.eu/inetorgpeople/new?_method=get&adapter=_list_inline_adapter]


Processing InetorgpeopleController#create (for 89.100.167.231 at 2009-11-18 09:26:02) [POST]
  Parameters: {"commit"=>"Create", "authenticity_token"=>"H9U/bVqLcw4f9UxUUfokc4M91USIbx8V41eQCIAacsk=", "associated_id"=>"", "record"=>{"name"=>"", "l"=>"", "birthday(1i)"=>"2009", "starred"=>"", "photo_name"=>"", "birthday(2i)"=>"11", "riclocation"=>{"address"=>"", "name"=>"", "x"=>"", "y"=>"", "description"=>""}, "published"=>"", "notes"=>"", "nickname"=>"DEVELOPMENT", "birthday(3i)"=>"18", "o"=>"", "relevance"=>"", "mail"=>"devel@gmail.com", "mobile"=>"", "male"=>"false", "goliard_name"=>"", "surname"=>""}}
  [4;36;1mInetorgperson Create (0.4ms)[0m   [0;1mINSERT INTO "inetorgpeople" ("name", "l", "created_at", "photo_name", "starred", "updated_at", "notes", "published", "nickname", "o", "mail", "relevance", "riclocation_id", "mobile", "male", "birthday", "goliard_name", "surname") VALUES(NULL, NULL, '2009-11-18 08:26:02', NULL, NULL, '2009-11-18 08:26:02', NULL, NULL, 'DEVELOPMENT', NULL, 'devel@gmail.com', NULL, NULL, NULL, 'f', '2009-11-18', NULL, NULL)[0m
Rendering on_create
Rendered _list_actions (17.6ms)
Rendered _list_record (163.3ms)
Rendered _messages (1.0ms)
Completed in 320ms (View: 187, DB: 0) | 200 OK [http://riclife-devel.dev.palladius.eu/inetorgpeople]
WORKLING: couldn't find a memcache client - you need one for the starling runner. 
  [4;36;1mHost Load (0.2ms)[0m   [0;1mSELECT * FROM "hosts" WHERE ("hosts"."name" = 'dev.palladius.eu') LIMIT 1[0m
  [4;35;1mHost Load (0.2ms)[0m   [0mSELECT * FROM "hosts" WHERE ("hosts"."name" = 'slartibartfast.heanet.ie') LIMIT 1[0m
  [4;36;1mHost Load (0.2ms)[0m   [0;1mSELECT * FROM "hosts" WHERE ("hosts"."name" = 'dev.palladius.eu') LIMIT 1[0m
  [4;35;1mApp Load (0.2ms)[0m   [0mSELECT "apps".id FROM "apps" WHERE ("apps"."name" = 'riclife') LIMIT 1[0m
  [4;36;1mCountry Delete all (62.6ms)[0m   [0;1mDELETE FROM "countries" WHERE 1=1[0m
  [4;35;1mCountry Create (0.3ms)[0m   [0mINSERT INTO "countries" ("name", "created_at", "code", "updated_at", "description", "favourite") VALUES('Afghanistan', '2009-11-25 17:58:00', 'AF', '2009-11-25 17:58:00', NULL, 'f')[0m
  [4;36;1mCountry Create (0.3ms)[0m   [0;1mINSERT INTO "countries" ("name", "created_at", "code", "updated_at", "description", "favourite") VALUES('Albania', '2009-11-25 17:58:00', 'AL', '2009-11-25 17:58:00', NULL, 'f')[0m
  [4;35;1mCountry Create (0.4ms)[0m   [0mINSERT INTO "countries" ("name", "created_at", "code", "updated_at", "description", "favourite") VALUES('Algeria', '2009-11-25 17:58:00', 'DZ', '2009-11-25 17:58:00', NULL, 'f')[0m
  [4;36;1mCountry Create (0.3ms)[0m   [0;1mINSERT INTO "countries" ("name", "created_at", "code", "updated_at", "description", "favourite") VALUES('American Samoa', '2009-11-25 17:58:00', 'AS', '2009-11-25 17:58:00', NULL, 'f')[0m
  [4;35;1mCountry Create (0.3ms)[0m   [0mINSERT INTO "countries" ("name", "created_at", "code", "updated_at", "description", "favourite") VALUES('Andorra', '2009-11-25 17:58:00', 'AD', '2009-11-25 17:58:00', NULL, 'f')[0m
  [4;36;1mCountry Create (0.3ms)[0m   [0;1mINSERT INTO "countries" ("name", "created_at", "code", "updated_at", "description", "favourite") VALUES('Angola', '2009-11-25 17:58:00', 'AO', '2009-11-25 17:58:00', NULL, 'f')[0m
  [4;35;1mCountry Create (0.3ms)[0m   [0mINSERT INTO "countries" ("name", "created_at", "code", "updated_at", "description", "favourite") VALUES('Anguilla', '2009-11-25 17:58:00', 'AI', '2009-11-25 17:58:00', NULL, 'f')[0m
  [4;36;1mCountry Create (0.2ms)[0m   [0;1mINSERT INTO "countries" ("name", "created_at", "code", "updated_at", "description", "favourite") VALUES('Antarctica', '2009-11-25 17:58:00', 'AQ', '2009-11-25 17:58:00', NULL, 'f')[0m
  [4;35;1mCountry Create (0.2ms)[0m   [0mINSERT INTO "countries" ("name", "created_at", "code", "updated_at", "description", "favourite") VALUES('Antigua And Barbuda', '2009-11-25 17:58:00', 'AG', '2009-11-25 17:58:00', NULL, 'f')[0m
  [4;36;1mCountry Create (0.2ms)[0m   [0;1mINSERT INTO "countries" ("name", "created_at", "code", "updated_at", "description", "favourite") VALUES('Argentina', '2009-11-25 17:58:00', 'AR', '2009-11-25 17:58:00', NULL, 'f')[0m
  [4;35;1mCountry Create (0.2ms)[0m   [0mINSERT INTO "countries" ("name", "created_at", "code", "updated_at", "description", "favourite") VALUES('Armenia', '2009-11-25 17:58:00', 'AM', '2009-11-25 17:58:00', NULL, 'f')[0m
  [4;36;1mCountry Create (0.2ms)[0m   [0;1mINSERT INTO "countries" ("name", "created_at", "code", "updated_at", "description", "favourite") VALUES('Aruba', '2009-11-25 17:58:00', 'AW', '2009-11-25 17:58:00', NULL, 'f')[0m
  [4;35;1mCountry Create (0.2ms)[0m   [0mINSERT INTO "countries" ("name", "created_at", "code", "updated_at", "description", "favourite") VALUES('Australia', '2009-11-25 17:58:00', 'AU', '2009-11-25 17:58:00', NULL, 'f')[0m
  [4;36;1mCountry Create (0.2ms)[0m   [0;1mINSERT INTO "countries" ("name", "created_at", "code", "updated_at", "description", "favourite") VALUES('Austria', '2009-11-25 17:58:00', 'AT', '2009-11-25 17:58:00', NULL, 'f')[0m
  [4;35;1mCountry Create (0.2ms)[0m   [0mINSERT INTO "countries" ("name", "created_at", "code", "updated_at", "description", "favourite") VALUES('Azerbaijan', '2009-11-25 17:58:00', 'AZ', '2009-11-25 17:58:00', NULL, 'f')[0m
  [4;36;1mCountry Create (0.2ms)[0m   [0;1mINSERT INTO "countries" ("name", "created_at", "code", "updated_at", "description", "favourite") VALUES('Bahamas', '2009-11-25 17:58:00', 'BS', '2009-11-25 17:58:00', NULL, 'f')[0m
  [4;35;1mCountry Create (0.2ms)[0m   [0mINSERT INTO "countries" ("name", "created_at", "code", "updated_at", "description", "favourite") VALUES('Bahrain', '2009-11-25 17:58:00', 'BH', '2009-11-25 17:58:00', NULL, 'f')[0m
  [4;36;1mCountry Create (0.2ms)[0m   [0;1mINSERT INTO "countries" ("name", "created_at", "code", "updated_at", "description", "favourite") VALUES('Bangladesh', '2009-11-25 17:58:00', 'BD', '2009-11-25 17:58:00', NULL, 'f')[0m
  [4;35;1mCountry Create (0.3ms)[0m   [0mINSERT INTO "countries" ("name", "created_at", "code", "updated_at", "description", "favourite") VALUES('Barbados', '2009-11-25 17:58:00', 'BB', '2009-11-25 17:58:00', NULL, 'f')[0m
  [4;36;1mCountry Create (0.2ms)[0m   [0;1mINSERT INTO "countries" ("name", "created_at", "code", "updated_at", "description", "favourite") VALUES('Belarus', '2009-11-25 17:58:00', 'BY', '2009-11-25 17:58:00', NULL, 'f')[0m
  [4;35;1mCountry Create (0.2ms)[0m   [0mINSERT INTO "countries" ("name", "created_at", "code", "updated_at", "description", "favourite") VALUES('Belgium', '2009-11-25 17:58:00', 'BE', '2009-11-25 17:58:00', NULL, 'f')[0m
  [4;36;1mCountry Create (0.2ms)[0m   [0;1mINSERT INTO "countries" ("name", "created_at", "code", "updated_at", "description", "favourite") VALUES('Belize', '2009-11-25 17:58:00', 'BZ', '2009-11-25 17:58:00', NULL, 'f')[0m
  [4;35;1mCountry Create (0.2ms)[0m   [0mINSERT INTO "countries" ("name", "created_at", "code", "updated_at", "description", "favourite") VALUES('Benin', '2009-11-25 17:58:00', 'BJ', '2009-11-25 17:58:00', NULL, 'f')[0m
  [4;36;1mCountry Create (0.2ms)[0m   [0;1mINSERT INTO "countries" ("name", "created_at", "code", "updated_at", "description", "favourite") VALUES('Bermuda', '2009-11-25 17:58:00', 'BM', '2009-11-25 17:58:00', NULL, 'f')[0m
  [4;35;1mCountry Create (0.2ms)[0m   [0mINSERT INTO "countries" ("name", "created_at", "code", "updated_at", "description", "favourite") VALUES('Bhutan', '2009-11-25 17:58:00', 'BT', '2009-11-25 17:58:00', NULL, 'f')[0m
  [4;36;1mCountry Create (0.2ms)[0m   [0;1mINSERT INTO "countries" ("name", "created_at", "code", "updated_at", "description", "favourite") VALUES('Bolivia', '2009-11-25 17:58:00', 'BO', '2009-11-25 17:58:00', NULL, 'f')[0m
  [4;35;1mCountry Create (0.2ms)[0m   [0mINSERT INTO "countries" ("name", "created_at", "code", "updated_at", "description", "favourite") VALUES('Bosnia And Herzegovina', '2009-11-25 17:58:00', 'BA', '2009-11-25 17:58:00', NULL, 'f')[0m
  [4;36;1mCountry Create (0.2ms)[0m   [0;1mINSERT INTO "countries" ("name", "created_at", "code", "updated_at", "description", "favourite") VALUES('Botswana', '2009-11-25 17:58:00', 'BW', '2009-11-25 17:58:00', NULL, 'f')[0m
  [4;35;1mCountry Create (0.2ms)[0m   [0mINSERT INTO "countries" ("name", "created_at", "code", "updated_at", "description", "favourite") VALUES('Bouvet Island', '2009-11-25 17:58:00', 'BV', '2009-11-25 17:58:00', NULL, 'f')[0m
  [4;36;1mCountry Create (0.2ms)[0m   [0;1mINSERT INTO "countries" ("name", "created_at", "code", "updated_at", "description", "favourite") VALUES('Brazil', '2009-11-25 17:58:00', 'BR', '2009-11-25 17:58:00', NULL, 'f')[0m
  [4;35;1mCountry Create (0.2ms)[0m   [0mINSERT INTO "countries" ("name", "created_at", "code", "updated_at", "description", "favourite") VALUES('British Indian Ocean Territory', '2009-11-25 17:58:00', 'IO', '2009-11-25 17:58:00', NULL, 'f')[0m
  [4;36;1mCountry Create (0.2ms)[0m   [0;1mINSERT INTO "countries" ("name", "created_at", "code", "updated_at", "description", "favourite") VALUES('Brunei Darussalam', '2009-11-25 17:58:00', 'BN', '2009-11-25 17:58:00', NULL, 'f')[0m
  [4;35;1mCountry Create (0.2ms)[0m   [0mINSERT INTO "countries" ("name", "created_at", "code", "updated_at", "description", "favourite") VALUES('Bulgaria', '2009-11-25 17:58:00', 'BG', '2009-11-25 17:58:00', NULL, 'f')[0m
  [4;36;1mCountry Create (0.3ms)[0m   [0;1mINSERT INTO "countries" ("name", "created_at", "code", "updated_at", "description", "favourite") VALUES('Burkina Faso', '2009-11-25 17:58:00', 'BF', '2009-11-25 17:58:00', NULL, 'f')[0m
  [4;35;1mCountry Create (0.2ms)[0m   [0mINSERT INTO "countries" ("name", "created_at", "code", "updated_at", "description", "favourite") VALUES('Burundi', '2009-11-25 17:58:00', 'BI', '2009-11-25 17:58:00', NULL, 'f')[0m
  [4;36;1mCountry Create (0.2ms)[0m   [0;1mINSERT INTO "countries" ("name", "created_at", "code", "updated_at", "description", "favourite") VALUES('Cambodia', '2009-11-25 17:58:00', 'KH', '2009-11-25 17:58:00', NULL, 'f')[0m
  [4;35;1mCountry Create (0.2ms)[0m   [0mINSERT INTO "countries" ("name", "created_at", "code", "updated_at", "description", "favourite") VALUES('Cameroon', '2009-11-25 17:58:00', 'CM', '2009-11-25 17:58:00', NULL, 'f')[0m
  [4;36;1mCountry Create (0.2ms)[0m   [0;1mINSERT INTO "countries" ("name", "created_at", "code", "updated_at", "description", "favourite") VALUES('Canada', '2009-11-25 17:58:00', 'CA', '2009-11-25 17:58:00', NULL, 'f')[0m
  [4;35;1mCountry Create (0.3ms)[0m   [0mINSERT INTO "countries" ("name", "created_at", "code", "updated_at", "description", "favourite") VALUES('Cape Verde', '2009-11-25 17:58:00', 'CV', '2009-11-25 17:58:00', NULL, 'f')[0m
  [4;36;1mCountry Create (0.2ms)[0m   [0;1mINSERT INTO "countries" ("name", "created_at", "code", "updated_at", "description", "favourite") VALUES('Cayman Islands', '2009-11-25 17:58:00', 'KY', '2009-11-25 17:58:00', NULL, 'f')[0m
  [4;35;1mCountry Create (0.2ms)[0m   [0mINSERT INTO "countries" ("name", "created_at", "code", "updated_at", "description", "favourite") VALUES('Central African Republic', '2009-11-25 17:58:00', 'CF', '2009-11-25 17:58:00', NULL, 'f')[0m
  [4;36;1mCountry Create (0.2ms)[0m   [0;1mINSERT INTO "countries" ("name", "created_at", "code", "updated_at", "description", "favourite") VALUES('Chad', '2009-11-25 17:58:00', 'TD', '2009-11-25 17:58:00', NULL, 'f')[0m
  [4;35;1mCountry Create (0.2ms)[0m   [0mINSERT INTO "countries" ("name", "created_at", "code", "updated_at", "description", "favourite") VALUES('Chile', '2009-11-25 17:58:00', 'CL', '2009-11-25 17:58:00', NULL, 'f')[0m
  [4;36;1mCountry Create (0.2ms)[0m   [0;1mINSERT INTO "countries" ("name", "created_at", "code", "updated_at", "description", "favourite") VALUES('China', '2009-11-25 17:58:00', 'CN', '2009-11-25 17:58:00', NULL, 'f')[0m
  [4;35;1mCountry Create (0.2ms)[0m   [0mINSERT INTO "countries" ("name", "created_at", "code", "updated_at", "description", "favourite") VALUES('Christmas Island', '2009-11-25 17:58:00', 'CX', '2009-11-25 17:58:00', NULL, 'f')[0m
  [4;36;1mCountry Create (0.2ms)[0m   [0;1mINSERT INTO "countries" ("name", "created_at", "code", "updated_at", "description", "favourite") VALUES('Cocos (keeling) Islands', '2009-11-25 17:58:00', 'CC', '2009-11-25 17:58:00', NULL, 'f')[0m
  [4;35;1mCountry Create (0.2ms)[0m   [0mINSERT INTO "countries" ("name", "created_at", "code", "updated_at", "description", "favourite") VALUES('Colombia', '2009-11-25 17:58:00', 'CO', '2009-11-25 17:58:00', NULL, 'f')[0m
  [4;36;1mCountry Create (0.2ms)[0m   [0;1mINSERT INTO "countries" ("name", "created_at", "code", "updated_at", "description", "favourite") VALUES('Comoros', '2009-11-25 17:58:00', 'KM', '2009-11-25 17:58:00', NULL, 'f')[0m
  [4;35;1mCountry Create (0.2ms)[0m   [0mINSERT INTO "countries" ("name", "created_at", "code", "updated_at", "description", "favourite") VALUES('Congo', '2009-11-25 17:58:00', 'CG', '2009-11-25 17:58:00', NULL, 'f')[0m
  [4;36;1mCountry Create (0.4ms)[0m   [0;1mINSERT INTO "countries" ("name", "created_at", "code", "updated_at", "description", "favourite") VALUES('Congo, The Democratic Republic Of The', '2009-11-25 17:58:00', 'CD', '2009-11-25 17:58:00', NULL, 'f')[0m
  [4;35;1mCountry Create (0.2ms)[0m   [0mINSERT INTO "countries" ("name", "created_at", "code", "updated_at", "description", "favourite") VALUES('Cook Islands', '2009-11-25 17:58:00', 'CK', '2009-11-25 17:58:00', NULL, 'f')[0m
  [4;36;1mCountry Create (0.2ms)[0m   [0;1mINSERT INTO "countries" ("name", "created_at", "code", "updated_at", "description", "favourite") VALUES('Costa Rica', '2009-11-25 17:58:00', 'CR', '2009-11-25 17:58:00', NULL, 'f')[0m
  [4;35;1mCountry Create (0.2ms)[0m   [0mINSERT INTO "countries" ("name", "created_at", "code", "updated_at", "description", "favourite") VALUES('Cote D''ivoire', '2009-11-25 17:58:00', 'CI', '2009-11-25 17:58:00', NULL, 'f')[0m
  [4;36;1mCountry Create (0.3ms)[0m   [0;1mINSERT INTO "countries" ("name", "created_at", "code", "updated_at", "description", "favourite") VALUES('Croatia', '2009-11-25 17:58:00', 'HR', '2009-11-25 17:58:00', NULL, 'f')[0m
  [4;35;1mCountry Create (0.2ms)[0m   [0mINSERT INTO "countries" ("name", "created_at", "code", "updated_at", "description", "favourite") VALUES('Cuba', '2009-11-25 17:58:00', 'CU', '2009-11-25 17:58:00', NULL, 'f')[0m
  [4;36;1mCountry Create (0.2ms)[0m   [0;1mINSERT INTO "countries" ("name", "created_at", "code", "updated_at", "description", "favourite") VALUES('Cyprus', '2009-11-25 17:58:00', 'CY', '2009-11-25 17:58:00', NULL, 'f')[0m
  [4;35;1mCountry Create (0.3ms)[0m   [0mINSERT INTO "countries" ("name", "created_at", "code", "updated_at", "description", "favourite") VALUES('Czech Republic', '2009-11-25 17:58:00', 'CZ', '2009-11-25 17:58:00', NULL, 'f')[0m
  [4;36;1mCountry Create (0.2ms)[0m   [0;1mINSERT INTO "countries" ("name", "created_at", "code", "updated_at", "description", "favourite") VALUES('Denmark', '2009-11-25 17:58:00', 'DK', '2009-11-25 17:58:00', NULL, 'f')[0m
  [4;35;1mCountry Create (0.3ms)[0m   [0mINSERT INTO "countries" ("name", "created_at", "code", "updated_at", "description", "favourite") VALUES('Djibouti', '2009-11-25 17:58:00', 'DJ', '2009-11-25 17:58:00', NULL, 'f')[0m
  [4;36;1mCountry Create (0.2ms)[0m   [0;1mINSERT INTO "countries" ("name", "created_at", "code", "updated_at", "description", "favourite") VALUES('Dominica', '2009-11-25 17:58:00', 'DM', '2009-11-25 17:58:00', NULL, 'f')[0m
  [4;35;1mCountry Create (0.2ms)[0m   [0mINSERT INTO "countries" ("name", "created_at", "code", "updated_at", "description", "favourite") VALUES('Dominican Republic', '2009-11-25 17:58:00', 'DO', '2009-11-25 17:58:00', NULL, 'f')[0m
  [4;36;1mCountry Create (0.3ms)[0m   [0;1mINSERT INTO "countries" ("name", "created_at", "code", "updated_at", "description", "favourite") VALUES('East Timor', '2009-11-25 17:58:00', 'TP', '2009-11-25 17:58:00', NULL, 'f')[0m
  [4;35;1mCountry Create (0.3ms)[0m   [0mINSERT INTO "countries" ("name", "created_at", "code", "updated_at", "description", "favourite") VALUES('Ecuador', '2009-11-25 17:58:00', 'EC', '2009-11-25 17:58:00', NULL, 'f')[0m
  [4;36;1mCountry Create (0.3ms)[0m   [0;1mINSERT INTO "countries" ("name", "created_at", "code", "updated_at", "description", "favourite") VALUES('Egypt', '2009-11-25 17:58:00', 'EG', '2009-11-25 17:58:00', NULL, 'f')[0m
  [4;35;1mCountry Create (0.2ms)[0m   [0mINSERT INTO "countries" ("name", "created_at", "code", "updated_at", "description", "favourite") VALUES('El Salvador', '2009-11-25 17:58:00', 'SV', '2009-11-25 17:58:00', NULL, 'f')[0m
  [4;36;1mCountry Create (0.2ms)[0m   [0;1mINSERT INTO "countries" ("name", "created_at", "code", "updated_at", "description", "favourite") VALUES('Equatorial Guinea', '2009-11-25 17:58:00', 'GQ', '2009-11-25 17:58:00', NULL, 'f')[0m
  [4;35;1mCountry Create (0.2ms)[0m   [0mINSERT INTO "countries" ("name", "created_at", "code", "updated_at", "description", "favourite") VALUES('Eritrea', '2009-11-25 17:58:00', 'ER', '2009-11-25 17:58:00', NULL, 'f')[0m
  [4;36;1mCountry Create (0.2ms)[0m   [0;1mINSERT INTO "countries" ("name", "created_at", "code", "updated_at", "description", "favourite") VALUES('Estonia', '2009-11-25 17:58:00', 'EE', '2009-11-25 17:58:00', NULL, 'f')[0m
  [4;35;1mCountry Create (0.2ms)[0m   [0mINSERT INTO "countries" ("name", "created_at", "code", "updated_at", "description", "favourite") VALUES('Ethiopia', '2009-11-25 17:58:00', 'ET', '2009-11-25 17:58:00', NULL, 'f')[0m
  [4;36;1mCountry Create (0.2ms)[0m   [0;1mINSERT INTO "countries" ("name", "created_at", "code", "updated_at", "description", "favourite") VALUES('Falkland Islands (malvinas)', '2009-11-25 17:58:00', 'FK', '2009-11-25 17:58:00', NULL, 'f')[0m
  [4;35;1mCountry Create (0.1ms)[0m   [0mINSERT INTO "countries" ("name", "created_at", "code", "updated_at", "description", "favourite") VALUES('Faroe Islands', '2009-11-25 17:58:00', 'FO', '2009-11-25 17:58:00', NULL, 'f')[0m
  [4;36;1mCountry Create (0.1ms)[0m   [0;1mINSERT INTO "countries" ("name", "created_at", "code", "updated_at", "description", "favourite") VALUES('Fiji', '2009-11-25 17:58:00', 'FJ', '2009-11-25 17:58:00', NULL, 'f')[0m
  [4;35;1mCountry Create (0.1ms)[0m   [0mINSERT INTO "countries" ("name", "created_at", "code", "updated_at", "description", "favourite") VALUES('Finland', '2009-11-25 17:58:00', 'FI', '2009-11-25 17:58:00', NULL, 'f')[0m
  [4;36;1mCountry Create (0.1ms)[0m   [0;1mINSERT INTO "countries" ("name", "created_at", "code", "updated_at", "description", "favourite") VALUES('France', '2009-11-25 17:58:00', 'FR', '2009-11-25 17:58:00', NULL, 'f')[0m
  [4;35;1mCountry Create (0.1ms)[0m   [0mINSERT INTO "countries" ("name", "created_at", "code", "updated_at", "description", "favourite") VALUES('French Guiana', '2009-11-25 17:58:00', 'GF', '2009-11-25 17:58:00', NULL, 'f')[0m
  [4;36;1mCountry Create (0.2ms)[0m   [0;1mINSERT INTO "countries" ("name", "created_at", "code", "updated_at", "description", "favourite") VALUES('French Polynesia', '2009-11-25 17:58:00', 'PF', '2009-11-25 17:58:00', NULL, 'f')[0m
  [4;35;1mCountry Create (0.2ms)[0m   [0mINSERT INTO "countries" ("name", "created_at", "code", "updated_at", "description", "favourite") VALUES('French Southern Territories', '2009-11-25 17:58:00', 'TF', '2009-11-25 17:58:00', NULL, 'f')[0m
  [4;36;1mCountry Create (0.1ms)[0m   [0;1mINSERT INTO "countries" ("name", "created_at", "code", "updated_at", "description", "favourite") VALUES('Gabon', '2009-11-25 17:58:00', 'GA', '2009-11-25 17:58:00', NULL, 'f')[0m
  [4;35;1mCountry Create (0.1ms)[0m   [0mINSERT INTO "countries" ("name", "created_at", "code", "updated_at", "description", "favourite") VALUES('Gambia', '2009-11-25 17:58:00', 'GM', '2009-11-25 17:58:00', NULL, 'f')[0m
  [4;36;1mCountry Create (0.1ms)[0m   [0;1mINSERT INTO "countries" ("name", "created_at", "code", "updated_at", "description", "favourite") VALUES('Georgia', '2009-11-25 17:58:00', 'GE', '2009-11-25 17:58:00', NULL, 'f')[0m
  [4;35;1mCountry Create (0.1ms)[0m   [0mINSERT INTO "countries" ("name", "created_at", "code", "updated_at", "description", "favourite") VALUES('Germany', '2009-11-25 17:58:00', 'DE', '2009-11-25 17:58:00', NULL, 'f')[0m
  [4;36;1mCountry Create (0.1ms)[0m   [0;1mINSERT INTO "countries" ("name", "created_at", "code", "updated_at", "description", "favourite") VALUES('Ghana', '2009-11-25 17:58:00', 'GH', '2009-11-25 17:58:00', NULL, 'f')[0m
  [4;35;1mCountry Create (0.2ms)[0m   [0mINSERT INTO "countries" ("name", "created_at", "code", "updated_at", "description", "favourite") VALUES('Gibraltar', '2009-11-25 17:58:00', 'GI', '2009-11-25 17:58:00', NULL, 'f')[0m
  [4;36;1mCountry Create (0.1ms)[0m   [0;1mINSERT INTO "countries" ("name", "created_at", "code", "updated_at", "description", "favourite") VALUES('Greece', '2009-11-25 17:58:00', 'GR', '2009-11-25 17:58:00', NULL, 'f')[0m
  [4;35;1mCountry Create (0.1ms)[0m   [0mINSERT INTO "countries" ("name", "created_at", "code", "updated_at", "description", "favourite") VALUES('Greenland', '2009-11-25 17:58:00', 'GL', '2009-11-25 17:58:00', NULL, 'f')[0m
  [4;36;1mCountry Create (0.1ms)[0m   [0;1mINSERT INTO "countries" ("name", "created_at", "code", "updated_at", "description", "favourite") VALUES('Grenada', '2009-11-25 17:58:00', 'GD', '2009-11-25 17:58:00', NULL, 'f')[0m
  [4;35;1mCountry Create (0.1ms)[0m   [0mINSERT INTO "countries" ("name", "created_at", "code", "updated_at", "description", "favourite") VALUES('Guadeloupe', '2009-11-25 17:58:00', 'GP', '2009-11-25 17:58:00', NULL, 'f')[0m
  [4;36;1mCountry Create (0.1ms)[0m   [0;1mINSERT INTO "countries" ("name", "created_at", "code", "updated_at", "description", "favourite") VALUES('Guam', '2009-11-25 17:58:00', 'GU', '2009-11-25 17:58:00', NULL, 'f')[0m
  [4;35;1mCountry Create (0.1ms)[0m   [0mINSERT INTO "countries" ("name", "created_at", "code", "updated_at", "description", "favourite") VALUES('Guatemala', '2009-11-25 17:58:00', 'GT', '2009-11-25 17:58:00', NULL, 'f')[0m
  [4;36;1mCountry Create (0.1ms)[0m   [0;1mINSERT INTO "countries" ("name", "created_at", "code", "updated_at", "description", "favourite") VALUES('Guinea', '2009-11-25 17:58:00', 'GN', '2009-11-25 17:58:00', NULL, 'f')[0m
  [4;35;1mCountry Create (0.1ms)[0m   [0mINSERT INTO "countries" ("name", "created_at", "code", "updated_at", "description", "favourite") VALUES('Guinea-bissau', '2009-11-25 17:58:00', 'GW', '2009-11-25 17:58:00', NULL, 'f')[0m
  [4;36;1mCountry Create (0.1ms)[0m   [0;1mINSERT INTO "countries" ("name", "created_at", "code", "updated_at", "description", "favourite") VALUES('Guyana', '2009-11-25 17:58:00', 'GY', '2009-11-25 17:58:00', NULL, 'f')[0m
  [4;35;1mCountry Create (0.1ms)[0m   [0mINSERT INTO "countries" ("name", "created_at", "code", "updated_at", "description", "favourite") VALUES('Haiti', '2009-11-25 17:58:00', 'HT', '2009-11-25 17:58:00', NULL, 'f')[0m
  [4;36;1mCountry Create (0.1ms)[0m   [0;1mINSERT INTO "countries" ("name", "created_at", "code", "updated_at", "description", "favourite") VALUES('Heard Island And Mcdonald Islands', '2009-11-25 17:58:00', 'HM', '2009-11-25 17:58:00', NULL, 'f')[0m
  [4;35;1mCountry Create (0.1ms)[0m   [0mINSERT INTO "countries" ("name", "created_at", "code", "updated_at", "description", "favourite") VALUES('Holy See (vatican City State)', '2009-11-25 17:58:00', 'VA', '2009-11-25 17:58:00', NULL, 'f')[0m
  [4;36;1mCountry Create (0.1ms)[0m   [0;1mINSERT INTO "countries" ("name", "created_at", "code", "updated_at", "description", "favourite") VALUES('Honduras', '2009-11-25 17:58:00', 'HN', '2009-11-25 17:58:00', NULL, 'f')[0m
  [4;35;1mCountry Create (0.1ms)[0m   [0mINSERT INTO "countries" ("name", "created_at", "code", "updated_at", "description", "favourite") VALUES('Hong Kong', '2009-11-25 17:58:00', 'HK', '2009-11-25 17:58:00', NULL, 'f')[0m
  [4;36;1mCountry Create (0.1ms)[0m   [0;1mINSERT INTO "countries" ("name", "created_at", "code", "updated_at", "description", "favourite") VALUES('Hungary', '2009-11-25 17:58:00', 'HU', '2009-11-25 17:58:00', NULL, 'f')[0m
  [4;35;1mCountry Create (0.1ms)[0m   [0mINSERT INTO "countries" ("name", "created_at", "code", "updated_at", "description", "favourite") VALUES('Iceland', '2009-11-25 17:58:00', 'IS', '2009-11-25 17:58:00', NULL, 'f')[0m
  [4;36;1mCountry Create (0.1ms)[0m   [0;1mINSERT INTO "countries" ("name", "created_at", "code", "updated_at", "description", "favourite") VALUES('India', '2009-11-25 17:58:00', 'IN', '2009-11-25 17:58:00', NULL, 'f')[0m
  [4;35;1mCountry Create (0.1ms)[0m   [0mINSERT INTO "countries" ("name", "created_at", "code", "updated_at", "description", "favourite") VALUES('Indonesia', '2009-11-25 17:58:00', 'ID', '2009-11-25 17:58:00', NULL, 'f')[0m
  [4;36;1mCountry Create (0.1ms)[0m   [0;1mINSERT INTO "countries" ("name", "created_at", "code", "updated_at", "description", "favourite") VALUES('Iran, Islamic Republic Of', '2009-11-25 17:58:00', 'IR', '2009-11-25 17:58:00', NULL, 'f')[0m
  [4;35;1mCountry Create (0.1ms)[0m   [0mINSERT INTO "countries" ("name", "created_at", "code", "updated_at", "description", "favourite") VALUES('Iraq', '2009-11-25 17:58:00', 'IQ', '2009-11-25 17:58:00', NULL, 'f')[0m
  [4;36;1mCountry Create (0.1ms)[0m   [0;1mINSERT INTO "countries" ("name", "created_at", "code", "updated_at", "description", "favourite") VALUES('Ireland', '2009-11-25 17:58:00', 'IE', '2009-11-25 17:58:00', NULL, 'f')[0m
  [4;35;1mCountry Create (0.1ms)[0m   [0mINSERT INTO "countries" ("name", "created_at", "code", "updated_at", "description", "favourite") VALUES('Israel', '2009-11-25 17:58:00', 'IL', '2009-11-25 17:58:00', NULL, 'f')[0m
  [4;36;1mCountry Create (0.1ms)[0m   [0;1mINSERT INTO "countries" ("name", "created_at", "code", "updated_at", "description", "favourite") VALUES('Italy', '2009-11-25 17:58:00', 'IT', '2009-11-25 17:58:00', NULL, 'f')[0m
  [4;35;1mCountry Create (0.1ms)[0m   [0mINSERT INTO "countries" ("name", "created_at", "code", "updated_at", "description", "favourite") VALUES('Jamaica', '2009-11-25 17:58:00', 'JM', '2009-11-25 17:58:00', NULL, 'f')[0m
  [4;36;1mCountry Create (0.1ms)[0m   [0;1mINSERT INTO "countries" ("name", "created_at", "code", "updated_at", "description", "favourite") VALUES('Japan', '2009-11-25 17:58:00', 'JP', '2009-11-25 17:58:00', NULL, 'f')[0m
  [4;35;1mCountry Create (0.1ms)[0m   [0mINSERT INTO "countries" ("name", "created_at", "code", "updated_at", "description", "favourite") VALUES('Jordan', '2009-11-25 17:58:00', 'JO', '2009-11-25 17:58:00', NULL, 'f')[0m
  [4;36;1mCountry Create (0.1ms)[0m   [0;1mINSERT INTO "countries" ("name", "created_at", "code", "updated_at", "description", "favourite") VALUES('Kazakstan', '2009-11-25 17:58:00', 'KZ', '2009-11-25 17:58:00', NULL, 'f')[0m
  [4;35;1mCountry Create (0.1ms)[0m   [0mINSERT INTO "countries" ("name", "created_at", "code", "updated_at", "description", "favourite") VALUES('Kenya', '2009-11-25 17:58:00', 'KE', '2009-11-25 17:58:00', NULL, 'f')[0m
  [4;36;1mCountry Create (0.1ms)[0m   [0;1mINSERT INTO "countries" ("name", "created_at", "code", "updated_at", "description", "favourite") VALUES('Kiribati', '2009-11-25 17:58:00', 'KI', '2009-11-25 17:58:00', NULL, 'f')[0m
  [4;35;1mCountry Create (0.1ms)[0m   [0mINSERT INTO "countries" ("name", "created_at", "code", "updated_at", "description", "favourite") VALUES('Korea, Democratic People''s Republic Of', '2009-11-25 17:58:00', 'KP', '2009-11-25 17:58:00', NULL, 'f')[0m
  [4;36;1mCountry Create (0.2ms)[0m   [0;1mINSERT INTO "countries" ("name", "created_at", "code", "updated_at", "description", "favourite") VALUES('Korea, Republic Of', '2009-11-25 17:58:00', 'KR', '2009-11-25 17:58:00', NULL, 'f')[0m
  [4;35;1mCountry Create (0.1ms)[0m   [0mINSERT INTO "countries" ("name", "created_at", "code", "updated_at", "description", "favourite") VALUES('Kosovo', '2009-11-25 17:58:00', 'KV', '2009-11-25 17:58:00', NULL, 'f')[0m
  [4;36;1mCountry Create (0.1ms)[0m   [0;1mINSERT INTO "countries" ("name", "created_at", "code", "updated_at", "description", "favourite") VALUES('Kuwait', '2009-11-25 17:58:00', 'KW', '2009-11-25 17:58:00', NULL, 'f')[0m
  [4;35;1mCountry Create (0.2ms)[0m   [0mINSERT INTO "countries" ("name", "created_at", "code", "updated_at", "description", "favourite") VALUES('Kyrgyzstan', '2009-11-25 17:58:00', 'KG', '2009-11-25 17:58:00', NULL, 'f')[0m
  [4;36;1mCountry Create (0.1ms)[0m   [0;1mINSERT INTO "countries" ("name", "created_at", "code", "updated_at", "description", "favourite") VALUES('Lao People''s Democratic Republic', '2009-11-25 17:58:00', 'LA', '2009-11-25 17:58:00', NULL, 'f')[0m
  [4;35;1mCountry Create (0.1ms)[0m   [0mINSERT INTO "countries" ("name", "created_at", "code", "updated_at", "description", "favourite") VALUES('Latvia', '2009-11-25 17:58:00', 'LV', '2009-11-25 17:58:00', NULL, 'f')[0m
  [4;36;1mCountry Create (0.1ms)[0m   [0;1mINSERT INTO "countries" ("name", "created_at", "code", "updated_at", "description", "favourite") VALUES('Lebanon', '2009-11-25 17:58:00', 'LB', '2009-11-25 17:58:00', NULL, 'f')[0m
  [4;35;1mCountry Create (0.1ms)[0m   [0mINSERT INTO "countries" ("name", "created_at", "code", "updated_at", "description", "favourite") VALUES('Lesotho', '2009-11-25 17:58:00', 'LS', '2009-11-25 17:58:00', NULL, 'f')[0m
  [4;36;1mCountry Create (0.1ms)[0m   [0;1mINSERT INTO "countries" ("name", "created_at", "code", "updated_at", "description", "favourite") VALUES('Liberia', '2009-11-25 17:58:00', 'LR', '2009-11-25 17:58:00', NULL, 'f')[0m
  [4;35;1mCountry Create (0.1ms)[0m   [0mINSERT INTO "countries" ("name", "created_at", "code", "updated_at", "description", "favourite") VALUES('Libyan Arab Jamahiriya', '2009-11-25 17:58:00', 'LY', '2009-11-25 17:58:00', NULL, 'f')[0m
  [4;36;1mCountry Create (0.1ms)[0m   [0;1mINSERT INTO "countries" ("name", "created_at", "code", "updated_at", "description", "favourite") VALUES('Liechtenstein', '2009-11-25 17:58:00', 'LI', '2009-11-25 17:58:00', NULL, 'f')[0m
  [4;35;1mCountry Create (0.1ms)[0m   [0mINSERT INTO "countries" ("name", "created_at", "code", "updated_at", "description", "favourite") VALUES('Lithuania', '2009-11-25 17:58:00', 'LT', '2009-11-25 17:58:00', NULL, 'f')[0m
  [4;36;1mCountry Create (0.1ms)[0m   [0;1mINSERT INTO "countries" ("name", "created_at", "code", "updated_at", "description", "favourite") VALUES('Luxembourg', '2009-11-25 17:58:00', 'LU', '2009-11-25 17:58:00', NULL, 'f')[0m
  [4;35;1mCountry Create (0.1ms)[0m   [0mINSERT INTO "countries" ("name", "created_at", "code", "updated_at", "description", "favourite") VALUES('Macau', '2009-11-25 17:58:00', 'MO', '2009-11-25 17:58:00', NULL, 'f')[0m
  [4;36;1mCountry Create (0.1ms)[0m   [0;1mINSERT INTO "countries" ("name", "created_at", "code", "updated_at", "description", "favourite") VALUES('Macedonia, The Former Yugoslav Republic Of', '2009-11-25 17:58:00', 'MK', '2009-11-25 17:58:00', NULL, 'f')[0m
  [4;35;1mCountry Create (0.1ms)[0m   [0mINSERT INTO "countries" ("name", "created_at", "code", "updated_at", "description", "favourite") VALUES('Madagascar', '2009-11-25 17:58:00', 'MG', '2009-11-25 17:58:00', NULL, 'f')[0m
  [4;36;1mCountry Create (0.1ms)[0m   [0;1mINSERT INTO "countries" ("name", "created_at", "code", "updated_at", "description", "favourite") VALUES('Malawi', '2009-11-25 17:58:00', 'MW', '2009-11-25 17:58:00', NULL, 'f')[0m
  [4;35;1mCountry Create (0.1ms)[0m   [0mINSERT INTO "countries" ("name", "created_at", "code", "updated_at", "description", "favourite") VALUES('Malaysia', '2009-11-25 17:58:00', 'MY', '2009-11-25 17:58:00', NULL, 'f')[0m
  [4;36;1mCountry Create (0.1ms)[0m   [0;1mINSERT INTO "countries" ("name", "created_at", "code", "updated_at", "description", "favourite") VALUES('Maldives', '2009-11-25 17:58:00', 'MV', '2009-11-25 17:58:00', NULL, 'f')[0m
  [4;35;1mCountry Create (0.1ms)[0m   [0mINSERT INTO "countries" ("name", "created_at", "code", "updated_at", "description", "favourite") VALUES('Mali', '2009-11-25 17:58:00', 'ML', '2009-11-25 17:58:00', NULL, 'f')[0m
  [4;36;1mCountry Create (0.1ms)[0m   [0;1mINSERT INTO "countries" ("name", "created_at", "code", "updated_at", "description", "favourite") VALUES('Malta', '2009-11-25 17:58:01', 'MT', '2009-11-25 17:58:01', NULL, 'f')[0m
  [4;35;1mCountry Create (0.1ms)[0m   [0mINSERT INTO "countries" ("name", "created_at", "code", "updated_at", "description", "favourite") VALUES('Marshall Islands', '2009-11-25 17:58:01', 'MH', '2009-11-25 17:58:01', NULL, 'f')[0m
  [4;36;1mCountry Create (0.1ms)[0m   [0;1mINSERT INTO "countries" ("name", "created_at", "code", "updated_at", "description", "favourite") VALUES('Martinique', '2009-11-25 17:58:01', 'MQ', '2009-11-25 17:58:01', NULL, 'f')[0m
  [4;35;1mCountry Create (0.1ms)[0m   [0mINSERT INTO "countries" ("name", "created_at", "code", "updated_at", "description", "favourite") VALUES('Mauritania', '2009-11-25 17:58:01', 'MR', '2009-11-25 17:58:01', NULL, 'f')[0m
  [4;36;1mCountry Create (0.1ms)[0m   [0;1mINSERT INTO "countries" ("name", "created_at", "code", "updated_at", "description", "favourite") VALUES('Mauritius', '2009-11-25 17:58:01', 'MU', '2009-11-25 17:58:01', NULL, 'f')[0m
  [4;35;1mCountry Create (0.1ms)[0m   [0mINSERT INTO "countries" ("name", "created_at", "code", "updated_at", "description", "favourite") VALUES('Mayotte', '2009-11-25 17:58:01', 'YT', '2009-11-25 17:58:01', NULL, 'f')[0m
  [4;36;1mCountry Create (0.1ms)[0m   [0;1mINSERT INTO "countries" ("name", "created_at", "code", "updated_at", "description", "favourite") VALUES('Mexico', '2009-11-25 17:58:01', 'MX', '2009-11-25 17:58:01', NULL, 'f')[0m
  [4;35;1mCountry Create (0.1ms)[0m   [0mINSERT INTO "countries" ("name", "created_at", "code", "updated_at", "description", "favourite") VALUES('Micronesia, Federated States Of', '2009-11-25 17:58:01', 'FM', '2009-11-25 17:58:01', NULL, 'f')[0m
  [4;36;1mCountry Create (0.1ms)[0m   [0;1mINSERT INTO "countries" ("name", "created_at", "code", "updated_at", "description", "favourite") VALUES('Moldova, Republic Of', '2009-11-25 17:58:01', 'MD', '2009-11-25 17:58:01', NULL, 'f')[0m
  [4;35;1mCountry Create (0.1ms)[0m   [0mINSERT INTO "countries" ("name", "created_at", "code", "updated_at", "description", "favourite") VALUES('Monaco', '2009-11-25 17:58:01', 'MC', '2009-11-25 17:58:01', NULL, 'f')[0m
  [4;36;1mCountry Create (0.1ms)[0m   [0;1mINSERT INTO "countries" ("name", "created_at", "code", "updated_at", "description", "favourite") VALUES('Mongolia', '2009-11-25 17:58:01', 'MN', '2009-11-25 17:58:01', NULL, 'f')[0m
  [4;35;1mCountry Create (0.1ms)[0m   [0mINSERT INTO "countries" ("name", "created_at", "code", "updated_at", "description", "favourite") VALUES('Montserrat', '2009-11-25 17:58:01', 'MS', '2009-11-25 17:58:01', NULL, 'f')[0m
  [4;36;1mCountry Create (0.1ms)[0m   [0;1mINSERT INTO "countries" ("name", "created_at", "code", "updated_at", "description", "favourite") VALUES('Montenegro', '2009-11-25 17:58:01', 'ME', '2009-11-25 17:58:01', NULL, 'f')[0m
  [4;35;1mCountry Create (0.1ms)[0m   [0mINSERT INTO "countries" ("name", "created_at", "code", "updated_at", "description", "favourite") VALUES('Morocco', '2009-11-25 17:58:01', 'MA', '2009-11-25 17:58:01', NULL, 'f')[0m
  [4;36;1mCountry Create (0.1ms)[0m   [0;1mINSERT INTO "countries" ("name", "created_at", "code", "updated_at", "description", "favourite") VALUES('Mozambique', '2009-11-25 17:58:01', 'MZ', '2009-11-25 17:58:01', NULL, 'f')[0m
  [4;35;1mCountry Create (0.1ms)[0m   [0mINSERT INTO "countries" ("name", "created_at", "code", "updated_at", "description", "favourite") VALUES('Myanmar', '2009-11-25 17:58:01', 'MM', '2009-11-25 17:58:01', NULL, 'f')[0m
  [4;36;1mCountry Create (0.1ms)[0m   [0;1mINSERT INTO "countries" ("name", "created_at", "code", "updated_at", "description", "favourite") VALUES('Namibia', '2009-11-25 17:58:01', 'NA', '2009-11-25 17:58:01', NULL, 'f')[0m
  [4;35;1mCountry Create (0.1ms)[0m   [0mINSERT INTO "countries" ("name", "created_at", "code", "updated_at", "description", "favourite") VALUES('Nauru', '2009-11-25 17:58:01', 'NR', '2009-11-25 17:58:01', NULL, 'f')[0m
  [4;36;1mCountry Create (0.1ms)[0m   [0;1mINSERT INTO "countries" ("name", "created_at", "code", "updated_at", "description", "favourite") VALUES('Nepal', '2009-11-25 17:58:01', 'NP', '2009-11-25 17:58:01', NULL, 'f')[0m
  [4;35;1mCountry Create (0.1ms)[0m   [0mINSERT INTO "countries" ("name", "created_at", "code", "updated_at", "description", "favourite") VALUES('Netherlands', '2009-11-25 17:58:01', 'NL', '2009-11-25 17:58:01', NULL, 'f')[0m
  [4;36;1mCountry Create (0.1ms)[0m   [0;1mINSERT INTO "countries" ("name", "created_at", "code", "updated_at", "description", "favourite") VALUES('Netherlands Antilles', '2009-11-25 17:58:01', 'AN', '2009-11-25 17:58:01', NULL, 'f')[0m
  [4;35;1mCountry Create (0.1ms)[0m   [0mINSERT INTO "countries" ("name", "created_at", "code", "updated_at", "description", "favourite") VALUES('New Caledonia', '2009-11-25 17:58:01', 'NC', '2009-11-25 17:58:01', NULL, 'f')[0m
  [4;36;1mCountry Create (0.1ms)[0m   [0;1mINSERT INTO "countries" ("name", "created_at", "code", "updated_at", "description", "favourite") VALUES('New Zealand', '2009-11-25 17:58:01', 'NZ', '2009-11-25 17:58:01', NULL, 'f')[0m
  [4;35;1mCountry Create (0.1ms)[0m   [0mINSERT INTO "countries" ("name", "created_at", "code", "updated_at", "description", "favourite") VALUES('Nicaragua', '2009-11-25 17:58:01', 'NI', '2009-11-25 17:58:01', NULL, 'f')[0m
  [4;36;1mCountry Create (0.1ms)[0m   [0;1mINSERT INTO "countries" ("name", "created_at", "code", "updated_at", "description", "favourite") VALUES('Niger', '2009-11-25 17:58:01', 'NE', '2009-11-25 17:58:01', NULL, 'f')[0m
  [4;35;1mCountry Create (0.1ms)[0m   [0mINSERT INTO "countries" ("name", "created_at", "code", "updated_at", "description", "favourite") VALUES('Nigeria', '2009-11-25 17:58:01', 'NG', '2009-11-25 17:58:01', NULL, 'f')[0m
  [4;36;1mCountry Create (0.1ms)[0m   [0;1mINSERT INTO "countries" ("name", "created_at", "code", "updated_at", "description", "favourite") VALUES('Niue', '2009-11-25 17:58:01', 'NU', '2009-11-25 17:58:01', NULL, 'f')[0m
  [4;35;1mCountry Create (0.1ms)[0m   [0mINSERT INTO "countries" ("name", "created_at", "code", "updated_at", "description", "favourite") VALUES('Norfolk Island', '2009-11-25 17:58:01', 'NF', '2009-11-25 17:58:01', NULL, 'f')[0m
  [4;36;1mCountry Create (0.1ms)[0m   [0;1mINSERT INTO "countries" ("name", "created_at", "code", "updated_at", "description", "favourite") VALUES('Northern Mariana Islands', '2009-11-25 17:58:01', 'MP', '2009-11-25 17:58:01', NULL, 'f')[0m
  [4;35;1mCountry Create (0.2ms)[0m   [0mINSERT INTO "countries" ("name", "created_at", "code", "updated_at", "description", "favourite") VALUES('Norway', '2009-11-25 17:58:01', 'NO', '2009-11-25 17:58:01', NULL, 'f')[0m
  [4;36;1mCountry Create (0.1ms)[0m   [0;1mINSERT INTO "countries" ("name", "created_at", "code", "updated_at", "description", "favourite") VALUES('Oman', '2009-11-25 17:58:01', 'OM', '2009-11-25 17:58:01', NULL, 'f')[0m
  [4;35;1mCountry Create (0.1ms)[0m   [0mINSERT INTO "countries" ("name", "created_at", "code", "updated_at", "description", "favourite") VALUES('Pakistan', '2009-11-25 17:58:01', 'PK', '2009-11-25 17:58:01', NULL, 'f')[0m
  [4;36;1mCountry Create (0.1ms)[0m   [0;1mINSERT INTO "countries" ("name", "created_at", "code", "updated_at", "description", "favourite") VALUES('Palau', '2009-11-25 17:58:01', 'PW', '2009-11-25 17:58:01', NULL, 'f')[0m
  [4;35;1mCountry Create (0.1ms)[0m   [0mINSERT INTO "countries" ("name", "created_at", "code", "updated_at", "description", "favourite") VALUES('Palestinian Territory, Occupied', '2009-11-25 17:58:01', 'PS', '2009-11-25 17:58:01', NULL, 'f')[0m
  [4;36;1mCountry Create (0.1ms)[0m   [0;1mINSERT INTO "countries" ("name", "created_at", "code", "updated_at", "description", "favourite") VALUES('Panama', '2009-11-25 17:58:01', 'PA', '2009-11-25 17:58:01', NULL, 'f')[0m
  [4;35;1mCountry Create (0.1ms)[0m   [0mINSERT INTO "countries" ("name", "created_at", "code", "updated_at", "description", "favourite") VALUES('Papua New Guinea', '2009-11-25 17:58:01', 'PG', '2009-11-25 17:58:01', NULL, 'f')[0m
  [4;36;1mCountry Create (0.1ms)[0m   [0;1mINSERT INTO "countries" ("name", "created_at", "code", "updated_at", "description", "favourite") VALUES('Paraguay', '2009-11-25 17:58:01', 'PY', '2009-11-25 17:58:01', NULL, 'f')[0m
  [4;35;1mCountry Create (0.1ms)[0m   [0mINSERT INTO "countries" ("name", "created_at", "code", "updated_at", "description", "favourite") VALUES('Peru', '2009-11-25 17:58:01', 'PE', '2009-11-25 17:58:01', NULL, 'f')[0m
  [4;36;1mCountry Create (0.1ms)[0m   [0;1mINSERT INTO "countries" ("name", "created_at", "code", "updated_at", "description", "favourite") VALUES('Philippines', '2009-11-25 17:58:01', 'PH', '2009-11-25 17:58:01', NULL, 'f')[0m
  [4;35;1mCountry Create (0.1ms)[0m   [0mINSERT INTO "countries" ("name", "created_at", "code", "updated_at", "description", "favourite") VALUES('Pitcairn', '2009-11-25 17:58:01', 'PN', '2009-11-25 17:58:01', NULL, 'f')[0m
  [4;36;1mCountry Create (0.1ms)[0m   [0;1mINSERT INTO "countries" ("name", "created_at", "code", "updated_at", "description", "favourite") VALUES('Poland', '2009-11-25 17:58:01', 'PL', '2009-11-25 17:58:01', NULL, 'f')[0m
  [4;35;1mCountry Create (0.1ms)[0m   [0mINSERT INTO "countries" ("name", "created_at", "code", "updated_at", "description", "favourite") VALUES('Portugal', '2009-11-25 17:58:01', 'PT', '2009-11-25 17:58:01', NULL, 'f')[0m
  [4;36;1mCountry Create (0.1ms)[0m   [0;1mINSERT INTO "countries" ("name", "created_at", "code", "updated_at", "description", "favourite") VALUES('Puerto Rico', '2009-11-25 17:58:01', 'PR', '2009-11-25 17:58:01', NULL, 'f')[0m
  [4;35;1mCountry Create (0.1ms)[0m   [0mINSERT INTO "countries" ("name", "created_at", "code", "updated_at", "description", "favourite") VALUES('Qatar', '2009-11-25 17:58:01', 'QA', '2009-11-25 17:58:01', NULL, 'f')[0m
  [4;36;1mCountry Create (0.1ms)[0m   [0;1mINSERT INTO "countries" ("name", "created_at", "code", "updated_at", "description", "favourite") VALUES('Reunion', '2009-11-25 17:58:01', 'RE', '2009-11-25 17:58:01', NULL, 'f')[0m
  [4;35;1mCountry Create (0.1ms)[0m   [0mINSERT INTO "countries" ("name", "created_at", "code", "updated_at", "description", "favourite") VALUES('Romania', '2009-11-25 17:58:01', 'RO', '2009-11-25 17:58:01', NULL, 'f')[0m
  [4;36;1mCountry Create (0.1ms)[0m   [0;1mINSERT INTO "countries" ("name", "created_at", "code", "updated_at", "description", "favourite") VALUES('Russian Federation', '2009-11-25 17:58:01', 'RU', '2009-11-25 17:58:01', NULL, 'f')[0m
  [4;35;1mCountry Create (0.1ms)[0m   [0mINSERT INTO "countries" ("name", "created_at", "code", "updated_at", "description", "favourite") VALUES('Rwanda', '2009-11-25 17:58:01', 'RW', '2009-11-25 17:58:01', NULL, 'f')[0m
  [4;36;1mCountry Create (0.1ms)[0m   [0;1mINSERT INTO "countries" ("name", "created_at", "code", "updated_at", "description", "favourite") VALUES('Saint Helena', '2009-11-25 17:58:01', 'SH', '2009-11-25 17:58:01', NULL, 'f')[0m
  [4;35;1mCountry Create (0.1ms)[0m   [0mINSERT INTO "countries" ("name", "created_at", "code", "updated_at", "description", "favourite") VALUES('Saint Kitts And Nevis', '2009-11-25 17:58:01', 'KN', '2009-11-25 17:58:01', NULL, 'f')[0m
  [4;36;1mCountry Create (0.1ms)[0m   [0;1mINSERT INTO "countries" ("name", "created_at", "code", "updated_at", "description", "favourite") VALUES('Saint Lucia', '2009-11-25 17:58:01', 'LC', '2009-11-25 17:58:01', NULL, 'f')[0m
  [4;35;1mCountry Create (0.1ms)[0m   [0mINSERT INTO "countries" ("name", "created_at", "code", "updated_at", "description", "favourite") VALUES('Saint Pierre And Miquelon', '2009-11-25 17:58:01', 'PM', '2009-11-25 17:58:01', NULL, 'f')[0m
  [4;36;1mCountry Create (0.1ms)[0m   [0;1mINSERT INTO "countries" ("name", "created_at", "code", "updated_at", "description", "favourite") VALUES('Saint Vincent And The Grenadines', '2009-11-25 17:58:01', 'VC', '2009-11-25 17:58:01', NULL, 'f')[0m
  [4;35;1mCountry Create (0.1ms)[0m   [0mINSERT INTO "countries" ("name", "created_at", "code", "updated_at", "description", "favourite") VALUES('Samoa', '2009-11-25 17:58:01', 'WS', '2009-11-25 17:58:01', NULL, 'f')[0m
  [4;36;1mCountry Create (0.1ms)[0m   [0;1mINSERT INTO "countries" ("name", "created_at", "code", "updated_at", "description", "favourite") VALUES('San Marino', '2009-11-25 17:58:01', 'SM', '2009-11-25 17:58:01', NULL, 'f')[0m
  [4;35;1mCountry Create (0.1ms)[0m   [0mINSERT INTO "countries" ("name", "created_at", "code", "updated_at", "description", "favourite") VALUES('Sao Tome And Principe', '2009-11-25 17:58:01', 'ST', '2009-11-25 17:58:01', NULL, 'f')[0m
  [4;36;1mCountry Create (0.1ms)[0m   [0;1mINSERT INTO "countries" ("name", "created_at", "code", "updated_at", "description", "favourite") VALUES('Saudi Arabia', '2009-11-25 17:58:01', 'SA', '2009-11-25 17:58:01', NULL, 'f')[0m
  [4;35;1mCountry Create (0.2ms)[0m   [0mINSERT INTO "countries" ("name", "created_at", "code", "updated_at", "description", "favourite") VALUES('Senegal', '2009-11-25 17:58:01', 'SN', '2009-11-25 17:58:01', NULL, 'f')[0m
  [4;36;1mCountry Create (0.1ms)[0m   [0;1mINSERT INTO "countries" ("name", "created_at", "code", "updated_at", "description", "favourite") VALUES('Serbia', '2009-11-25 17:58:01', 'RS', '2009-11-25 17:58:01', NULL, 'f')[0m
  [4;35;1mCountry Create (0.1ms)[0m   [0mINSERT INTO "countries" ("name", "created_at", "code", "updated_at", "description", "favourite") VALUES('Seychelles', '2009-11-25 17:58:01', 'SC', '2009-11-25 17:58:01', NULL, 'f')[0m
  [4;36;1mCountry Create (0.2ms)[0m   [0;1mINSERT INTO "countries" ("name", "created_at", "code", "updated_at", "description", "favourite") VALUES('Sierra Leone', '2009-11-25 17:58:01', 'SL', '2009-11-25 17:58:01', NULL, 'f')[0m
  [4;35;1mCountry Create (0.1ms)[0m   [0mINSERT INTO "countries" ("name", "created_at", "code", "updated_at", "description", "favourite") VALUES('Singapore', '2009-11-25 17:58:01', 'SG', '2009-11-25 17:58:01', NULL, 'f')[0m
  [4;36;1mCountry Create (0.1ms)[0m   [0;1mINSERT INTO "countries" ("name", "created_at", "code", "updated_at", "description", "favourite") VALUES('Slovakia', '2009-11-25 17:58:01', 'SK', '2009-11-25 17:58:01', NULL, 'f')[0m
  [4;35;1mCountry Create (0.1ms)[0m   [0mINSERT INTO "countries" ("name", "created_at", "code", "updated_at", "description", "favourite") VALUES('Slovenia', '2009-11-25 17:58:01', 'SI', '2009-11-25 17:58:01', NULL, 'f')[0m
  [4;36;1mCountry Create (0.2ms)[0m   [0;1mINSERT INTO "countries" ("name", "created_at", "code", "updated_at", "description", "favourite") VALUES('Solomon Islands', '2009-11-25 17:58:01', 'SB', '2009-11-25 17:58:01', NULL, 'f')[0m
  [4;35;1mCountry Create (0.1ms)[0m   [0mINSERT INTO "countries" ("name", "created_at", "code", "updated_at", "description", "favourite") VALUES('Somalia', '2009-11-25 17:58:01', 'SO', '2009-11-25 17:58:01', NULL, 'f')[0m
  [4;36;1mCountry Create (0.1ms)[0m   [0;1mINSERT INTO "countries" ("name", "created_at", "code", "updated_at", "description", "favourite") VALUES('South Africa', '2009-11-25 17:58:01', 'ZA', '2009-11-25 17:58:01', NULL, 'f')[0m
  [4;35;1mCountry Create (0.1ms)[0m   [0mINSERT INTO "countries" ("name", "created_at", "code", "updated_at", "description", "favourite") VALUES('South Georgia And The South Sandwich Islands', '2009-11-25 17:58:01', 'GS', '2009-11-25 17:58:01', NULL, 'f')[0m
  [4;36;1mCountry Create (0.1ms)[0m   [0;1mINSERT INTO "countries" ("name", "created_at", "code", "updated_at", "description", "favourite") VALUES('Spain', '2009-11-25 17:58:01', 'ES', '2009-11-25 17:58:01', NULL, 'f')[0m
  [4;35;1mCountry Create (0.2ms)[0m   [0mINSERT INTO "countries" ("name", "created_at", "code", "updated_at", "description", "favourite") VALUES('Sri Lanka', '2009-11-25 17:58:01', 'LK', '2009-11-25 17:58:01', NULL, 'f')[0m
  [4;36;1mCountry Create (0.1ms)[0m   [0;1mINSERT INTO "countries" ("name", "created_at", "code", "updated_at", "description", "favourite") VALUES('Sudan', '2009-11-25 17:58:01', 'SD', '2009-11-25 17:58:01', NULL, 'f')[0m
  [4;35;1mCountry Create (0.2ms)[0m   [0mINSERT INTO "countries" ("name", "created_at", "code", "updated_at", "description", "favourite") VALUES('Suriname', '2009-11-25 17:58:01', 'SR', '2009-11-25 17:58:01', NULL, 'f')[0m
  [4;36;1mCountry Create (0.1ms)[0m   [0;1mINSERT INTO "countries" ("name", "created_at", "code", "updated_at", "description", "favourite") VALUES('Svalbard And Jan Mayen', '2009-11-25 17:58:01', 'SJ', '2009-11-25 17:58:01', NULL, 'f')[0m
  [4;35;1mCountry Create (0.1ms)[0m   [0mINSERT INTO "countries" ("name", "created_at", "code", "updated_at", "description", "favourite") VALUES('Swaziland', '2009-11-25 17:58:01', 'SZ', '2009-11-25 17:58:01', NULL, 'f')[0m
  [4;36;1mCountry Create (0.1ms)[0m   [0;1mINSERT INTO "countries" ("name", "created_at", "code", "updated_at", "description", "favourite") VALUES('Sweden', '2009-11-25 17:58:01', 'SE', '2009-11-25 17:58:01', NULL, 'f')[0m
  [4;35;1mCountry Create (0.1ms)[0m   [0mINSERT INTO "countries" ("name", "created_at", "code", "updated_at", "description", "favourite") VALUES('Switzerland', '2009-11-25 17:58:01', 'CH', '2009-11-25 17:58:01', NULL, 'f')[0m
  [4;36;1mCountry Create (0.1ms)[0m   [0;1mINSERT INTO "countries" ("name", "created_at", "code", "updated_at", "description", "favourite") VALUES('Syrian Arab Republic', '2009-11-25 17:58:01', 'SY', '2009-11-25 17:58:01', NULL, 'f')[0m
  [4;35;1mCountry Create (0.1ms)[0m   [0mINSERT INTO "countries" ("name", "created_at", "code", "updated_at", "description", "favourite") VALUES('Taiwan, Province Of China', '2009-11-25 17:58:01', 'TW', '2009-11-25 17:58:01', NULL, 'f')[0m
  [4;36;1mCountry Create (0.1ms)[0m   [0;1mINSERT INTO "countries" ("name", "created_at", "code", "updated_at", "description", "favourite") VALUES('Tajikistan', '2009-11-25 17:58:01', 'TJ', '2009-11-25 17:58:01', NULL, 'f')[0m
  [4;35;1mCountry Create (0.1ms)[0m   [0mINSERT INTO "countries" ("name", "created_at", "code", "updated_at", "description", "favourite") VALUES('Tanzania, United Republic Of', '2009-11-25 17:58:01', 'TZ', '2009-11-25 17:58:01', NULL, 'f')[0m
  [4;36;1mCountry Create (0.1ms)[0m   [0;1mINSERT INTO "countries" ("name", "created_at", "code", "updated_at", "description", "favourite") VALUES('Thailand', '2009-11-25 17:58:01', 'TH', '2009-11-25 17:58:01', NULL, 'f')[0m
  [4;35;1mCountry Create (0.1ms)[0m   [0mINSERT INTO "countries" ("name", "created_at", "code", "updated_at", "description", "favourite") VALUES('Togo', '2009-11-25 17:58:01', 'TG', '2009-11-25 17:58:01', NULL, 'f')[0m
  [4;36;1mCountry Create (0.1ms)[0m   [0;1mINSERT INTO "countries" ("name", "created_at", "code", "updated_at", "description", "favourite") VALUES('Tokelau', '2009-11-25 17:58:01', 'TK', '2009-11-25 17:58:01', NULL, 'f')[0m
  [4;35;1mCountry Create (0.1ms)[0m   [0mINSERT INTO "countries" ("name", "created_at", "code", "updated_at", "description", "favourite") VALUES('Tonga', '2009-11-25 17:58:01', 'TO', '2009-11-25 17:58:01', NULL, 'f')[0m
  [4;36;1mCountry Create (0.2ms)[0m   [0;1mINSERT INTO "countries" ("name", "created_at", "code", "updated_at", "description", "favourite") VALUES('Trinidad And Tobago', '2009-11-25 17:58:01', 'TT', '2009-11-25 17:58:01', NULL, 'f')[0m
  [4;35;1mCountry Create (0.2ms)[0m   [0mINSERT INTO "countries" ("name", "created_at", "code", "updated_at", "description", "favourite") VALUES('Tunisia', '2009-11-25 17:58:01', 'TN', '2009-11-25 17:58:01', NULL, 'f')[0m
  [4;36;1mCountry Create (0.1ms)[0m   [0;1mINSERT INTO "countries" ("name", "created_at", "code", "updated_at", "description", "favourite") VALUES('Turkey', '2009-11-25 17:58:01', 'TR', '2009-11-25 17:58:01', NULL, 'f')[0m
  [4;35;1mCountry Create (0.1ms)[0m   [0mINSERT INTO "countries" ("name", "created_at", "code", "updated_at", "description", "favourite") VALUES('Turkmenistan', '2009-11-25 17:58:01', 'TM', '2009-11-25 17:58:01', NULL, 'f')[0m
  [4;36;1mCountry Create (0.1ms)[0m   [0;1mINSERT INTO "countries" ("name", "created_at", "code", "updated_at", "description", "favourite") VALUES('Turks And Caicos Islands', '2009-11-25 17:58:01', 'TC', '2009-11-25 17:58:01', NULL, 'f')[0m
  [4;35;1mCountry Create (0.1ms)[0m   [0mINSERT INTO "countries" ("name", "created_at", "code", "updated_at", "description", "favourite") VALUES('Tuvalu', '2009-11-25 17:58:01', 'TV', '2009-11-25 17:58:01', NULL, 'f')[0m
  [4;36;1mCountry Create (0.1ms)[0m   [0;1mINSERT INTO "countries" ("name", "created_at", "code", "updated_at", "description", "favourite") VALUES('Uganda', '2009-11-25 17:58:01', 'UG', '2009-11-25 17:58:01', NULL, 'f')[0m
  [4;35;1mCountry Create (0.1ms)[0m   [0mINSERT INTO "countries" ("name", "created_at", "code", "updated_at", "description", "favourite") VALUES('Ukraine', '2009-11-25 17:58:01', 'UA', '2009-11-25 17:58:01', NULL, 'f')[0m
  [4;36;1mCountry Create (0.1ms)[0m   [0;1mINSERT INTO "countries" ("name", "created_at", "code", "updated_at", "description", "favourite") VALUES('United Arab Emirates', '2009-11-25 17:58:01', 'AE', '2009-11-25 17:58:01', NULL, 'f')[0m
  [4;35;1mCountry Create (0.1ms)[0m   [0mINSERT INTO "countries" ("name", "created_at", "code", "updated_at", "description", "favourite") VALUES('United Kingdom', '2009-11-25 17:58:01', 'GB', '2009-11-25 17:58:01', NULL, 'f')[0m
  [4;36;1mCountry Create (0.1ms)[0m   [0;1mINSERT INTO "countries" ("name", "created_at", "code", "updated_at", "description", "favourite") VALUES('United States', '2009-11-25 17:58:01', 'US', '2009-11-25 17:58:01', NULL, 'f')[0m
  [4;35;1mCountry Create (0.1ms)[0m   [0mINSERT INTO "countries" ("name", "created_at", "code", "updated_at", "description", "favourite") VALUES('United States Minor Outlying Islands', '2009-11-25 17:58:01', 'UM', '2009-11-25 17:58:01', NULL, 'f')[0m
  [4;36;1mCountry Create (0.1ms)[0m   [0;1mINSERT INTO "countries" ("name", "created_at", "code", "updated_at", "description", "favourite") VALUES('Uruguay', '2009-11-25 17:58:01', 'UY', '2009-11-25 17:58:01', NULL, 'f')[0m
  [4;35;1mCountry Create (0.1ms)[0m   [0mINSERT INTO "countries" ("name", "created_at", "code", "updated_at", "description", "favourite") VALUES('Uzbekistan', '2009-11-25 17:58:01', 'UZ', '2009-11-25 17:58:01', NULL, 'f')[0m
  [4;36;1mCountry Create (0.1ms)[0m   [0;1mINSERT INTO "countries" ("name", "created_at", "code", "updated_at", "description", "favourite") VALUES('Vanuatu', '2009-11-25 17:58:01', 'VU', '2009-11-25 17:58:01', NULL, 'f')[0m
  [4;35;1mCountry Create (0.1ms)[0m   [0mINSERT INTO "countries" ("name", "created_at", "code", "updated_at", "description", "favourite") VALUES('Venezuela', '2009-11-25 17:58:01', 'VE', '2009-11-25 17:58:01', NULL, 'f')[0m
  [4;36;1mCountry Create (0.1ms)[0m   [0;1mINSERT INTO "countries" ("name", "created_at", "code", "updated_at", "description", "favourite") VALUES('Viet Nam', '2009-11-25 17:58:01', 'VN', '2009-11-25 17:58:01', NULL, 'f')[0m
  [4;35;1mCountry Create (0.1ms)[0m   [0mINSERT INTO "countries" ("name", "created_at", "code", "updated_at", "description", "favourite") VALUES('Virgin Islands, British', '2009-11-25 17:58:01', 'VG', '2009-11-25 17:58:01', NULL, 'f')[0m
  [4;36;1mCountry Create (0.1ms)[0m   [0;1mINSERT INTO "countries" ("name", "created_at", "code", "updated_at", "description", "favourite") VALUES('Virgin Islands, U.s.', '2009-11-25 17:58:01', 'VI', '2009-11-25 17:58:01', NULL, 'f')[0m
  [4;35;1mCountry Create (0.1ms)[0m   [0mINSERT INTO "countries" ("name", "created_at", "code", "updated_at", "description", "favourite") VALUES('Wallis And Futuna', '2009-11-25 17:58:01', 'WF', '2009-11-25 17:58:01', NULL, 'f')[0m
  [4;36;1mCountry Create (0.1ms)[0m   [0;1mINSERT INTO "countries" ("name", "created_at", "code", "updated_at", "description", "favourite") VALUES('Western Sahara', '2009-11-25 17:58:01', 'EH', '2009-11-25 17:58:01', NULL, 'f')[0m
  [4;35;1mCountry Create (0.1ms)[0m   [0mINSERT INTO "countries" ("name", "created_at", "code", "updated_at", "description", "favourite") VALUES('Yemen', '2009-11-25 17:58:01', 'YE', '2009-11-25 17:58:01', NULL, 'f')[0m
  [4;36;1mCountry Create (0.1ms)[0m   [0;1mINSERT INTO "countries" ("name", "created_at", "code", "updated_at", "description", "favourite") VALUES('Zambia', '2009-11-25 17:58:01', 'ZM', '2009-11-25 17:58:01', NULL, 'f')[0m
  [4;35;1mCountry Create (0.1ms)[0m   [0mINSERT INTO "countries" ("name", "created_at", "code", "updated_at", "description", "favourite") VALUES('Zimbabwe', '2009-11-25 17:58:01', 'ZW', '2009-11-25 17:58:01', NULL, 'f')[0m
WORKLING: couldn't find a memcache client - you need one for the starling runner. 
Google geocoding. Address: Beresford St, Dublin, Ireland. Result: <?xml version="1.0" encoding="UTF-8" ?>
<kml xmlns="http://earth.google.com/kml/2.0"><Response>
  <name>Beresford St, Dublin, Ireland</name>
  <Status>
    <code>200</code>
    <request>geocode</request>
  </Status>
  <Placemark id="p1">
    <address>Beresford St, Dublin, Co. Dublin City, Ireland</address>
    <AddressDetails Accuracy="6" xmlns="urn:oasis:names:tc:ciq:xsdschema:xAL:2.0"><Country><CountryNameCode>IE</CountryNameCode><CountryName>Ireland</CountryName><SubAdministrativeArea><SubAdministrativeAreaName>Dublin City</SubAdministrativeAreaName><Locality><LocalityName>Dublin</LocalityName><Thoroughfare><ThoroughfareName>Beresford St</ThoroughfareName></Thoroughfare></Locality></SubAdministrativeArea></Country></AddressDetails>
    <ExtendedData>
      <LatLonBox north="53.3522288" south="53.3459336" east="-6.2703504" west="-6.2766456" />
    </ExtendedData>
    <Point><coordinates>-6.2735445,53.3492735,0</coordinates></Point>
  </Placemark>
</Response></kml>


Processing SiteController#index (for 193.1.228.252 at 2009-11-26 15:58:46) [GET]


Processing SiteController#index (for 193.1.228.252 at 2009-11-26 15:58:46) [GET]
Rendering template within layouts/site
Rendering site/index
Rendering template within layouts/site
Rendering site/index
  [4;36;1mInetorgperson Load (10.0ms)[0m   [0;1mSELECT * FROM "inetorgpeople" LIMIT 7[0m
  [4;36;1mInetorgperson Load (7.1ms)[0m   [0;1mSELECT * FROM "inetorgpeople" LIMIT 7[0m
  [4;35;1mEvent Load (0.5ms)[0m   [0mSELECT * FROM "events" WHERE ((tstart < '2009-12-10 15:58:46') AND (tstart > '2009-11-26 15:58:46')) LIMIT 5[0m
  [4;35;1mEvent Load (12.7ms)[0m   [0mSELECT * FROM "events" WHERE ((tstart < '2009-12-10 15:58:46') AND (tstart > '2009-11-26 15:58:46')) LIMIT 5[0m
  [4;36;1mKeyval Load (0.2ms)[0m   [0;1mSELECT * FROM "keyvals" WHERE ("keyvals"."key" = 'TODO') LIMIT 1[0m
  [4;36;1mKeyval Load (0.2ms)[0m   [0;1mSELECT * FROM "keyvals" WHERE ("keyvals"."key" = 'TODO') LIMIT 1[0m
Rendered site/_minimal_search_form (1.2ms)
Rendered site/_minimal_search_form (11.9ms)
  [4;35;1mKeyval Load (0.3ms)[0m   [0mSELECT * FROM "keyvals" WHERE ("keyvals"."key" = 'cap:deploy_last') LIMIT 1[0m
  [4;36;1mKeyval Load (0.2ms)[0m   [0;1mSELECT * FROM "keyvals" WHERE ("keyvals"."key" = 'cap:deploy_history') LIMIT 1[0m
Rendered shared/_common_layout (119.8ms)
Completed in 283ms (View: 271, DB: 11) | 200 OK [https://riclife.palladius.eu/]
  [4;35;1mKeyval Load (0.3ms)[0m   [0mSELECT * FROM "keyvals" WHERE ("keyvals"."key" = 'cap:deploy_last') LIMIT 1[0m
  [4;36;1mKeyval Load (0.2ms)[0m   [0;1mSELECT * FROM "keyvals" WHERE ("keyvals"."key" = 'cap:deploy_history') LIMIT 1[0m
Rendered shared/_common_layout (123.1ms)
Completed in 286ms (View: 266, DB: 20) | 200 OK [http://riclife-devel.dev.palladius.eu/]
WORKLING: couldn't find a memcache client - you need one for the starling runner. 
Google geocoding. Address: Beresford St, Dublin, Ireland. Result: <?xml version="1.0" encoding="UTF-8" ?>
<kml xmlns="http://earth.google.com/kml/2.0"><Response>
  <name>Beresford St, Dublin, Ireland</name>
  <Status>
    <code>200</code>
    <request>geocode</request>
  </Status>
  <Placemark id="p1">
    <address>Beresford St, Dublin, Co. Dublin City, Ireland</address>
    <AddressDetails Accuracy="6" xmlns="urn:oasis:names:tc:ciq:xsdschema:xAL:2.0"><Country><CountryNameCode>IE</CountryNameCode><CountryName>Ireland</CountryName><SubAdministrativeArea><SubAdministrativeAreaName>Dublin City</SubAdministrativeAreaName><Locality><LocalityName>Dublin</LocalityName><Thoroughfare><ThoroughfareName>Beresford St</ThoroughfareName></Thoroughfare></Locality></SubAdministrativeArea></Country></AddressDetails>
    <ExtendedData>
      <LatLonBox north="53.3522288" south="53.3459336" east="-6.2703504" west="-6.2766456" />
    </ExtendedData>
    <Point><coordinates>-6.2735445,53.3492735,0</coordinates></Point>
  </Placemark>
</Response></kml>
